2026-03-02 00:12:13,980 [WARN] IP:2250 - I2C_Coeff_DF not found: check if there is a RefParameter without a condition.
2026-03-02 00:12:14,282 [WARN] IP:2250 - Analog_Filter not found: check if there is a RefParameter without a condition.
2026-03-02 00:12:23,494 [WARN] IP:2250 - I2C_Coeff_DF not found: check if there is a RefParameter without a condition.
2026-03-02 00:12:23,494 [WARN] IP:2250 - Analog_Filter not found: check if there is a RefParameter without a condition.
2026-03-02 00:12:23,495 [WARN] IP:2250 - I2C_Coeff_DF not found: check if there is a RefParameter without a condition.
2026-03-02 00:12:23,495 [WARN] IP:2250 - Analog_Filter not found: check if there is a RefParameter without a condition.
2026-03-02 00:12:23,583 [WARN] IP:2250 - I2C_Coeff_DF not found: check if there is a RefParameter without a condition.
2026-03-02 00:12:23,583 [WARN] IP:2250 - Analog_Filter not found: check if there is a RefParameter without a condition.
2026-03-02 00:12:25,919 [INFO] NvicIntPanel:101 - NVIC parent = com.st.microxplorer.plugins.ip.nvic.MultiNvicIntPanel[,0,0,450x272,layout=javax.swing.BoxLayout,alignmentX=0.0,alignmentY=0.0,border=,flags=9,maximumSize=,minimumSize=,preferredSize=]
2026-03-02 00:12:27,110 [WARN] IP:2250 - I2C_Coeff_DF not found: check if there is a RefParameter without a condition.
2026-03-02 00:12:27,110 [WARN] IP:2250 - Analog_Filter not found: check if there is a RefParameter without a condition.
2026-03-02 00:12:30,396 [WARN] IP:2250 - I2C_Coeff_DF not found: check if there is a RefParameter without a condition.
2026-03-02 00:12:30,396 [WARN] IP:2250 - Analog_Filter not found: check if there is a RefParameter without a condition.
2026-03-02 00:12:33,635 [INFO] NvicIntPanel:101 - NVIC parent = com.st.microxplorer.plugins.ip.nvic.MultiNvicIntPanel[,0,0,0x0,invalid,layout=javax.swing.BoxLayout,alignmentX=0.0,alignmentY=0.0,border=,flags=9,maximumSize=,minimumSize=,preferredSize=]
2026-03-02 00:12:54,777 [INFO] MainUpdater:2872 - connection check result : 10
2026-03-02 00:12:54,778 [INFO] MainUpdater:2872 - connection check result : 10
2026-03-02 00:12:56,038 [INFO] MicroXplorer:468 - Change Database Path : 
2026-03-02 00:12:56,038 [INFO] MicroXplorer:498 - Change Database Version : DB.6.0.150
2026-03-02 00:12:56,062 [ERROR] ProjectManagerView:395 - 
java.lang.NullPointerException: Cannot invoke "javax.swing.JTextField.getText()" because the return value of "java.util.List.get(int)" is null
	at com.st.microxplorer.plugins.projectmanager.gui.ProjectChoiceTab$9.caretUpdate(ProjectChoiceTab.java:2706) ~[filemanager.jar:?]
	at javax.swing.text.JTextComponent.fireCaretUpdate(JTextComponent.java:408) ~[?:?]
	at javax.swing.text.JTextComponent$MutableCaretEvent.fire(JTextComponent.java:4484) ~[?:?]
	at javax.swing.text.JTextComponent$MutableCaretEvent.stateChanged(JTextComponent.java:4506) ~[?:?]
	at javax.swing.text.DefaultCaret.fireStateChanged(DefaultCaret.java:857) ~[?:?]
	at javax.swing.text.DefaultCaret.changeCaretPosition(DefaultCaret.java:1343) ~[?:?]
	at javax.swing.text.DefaultCaret.handleSetDot(DefaultCaret.java:1242) ~[?:?]
	at javax.swing.text.DefaultCaret.setDot(DefaultCaret.java:1223) ~[?:?]
	at javax.swing.text.DefaultCaret$Handler.insertUpdate(DefaultCaret.java:1819) ~[?:?]
	at javax.swing.text.AbstractDocument.fireInsertUpdate(AbstractDocument.java:227) ~[?:?]
	at javax.swing.text.AbstractDocument.handleInsertString(AbstractDocument.java:781) ~[?:?]
	at javax.swing.text.AbstractDocument.insertString(AbstractDocument.java:740) ~[?:?]
	at javax.swing.text.PlainDocument.insertString(PlainDocument.java:131) ~[?:?]
	at javax.swing.text.AbstractDocument.replace(AbstractDocument.java:699) ~[?:?]
	at javax.swing.text.JTextComponent.setText(JTextComponent.java:1725) ~[?:?]
	at com.st.microxplorer.plugins.projectmanager.gui.ProjectChoiceTab.createHeapStackFields(ProjectChoiceTab.java:993) ~[filemanager.jar:?]
	at com.st.microxplorer.plugins.projectmanager.gui.ProjectChoiceTab.buildLinkSettingsPanel(ProjectChoiceTab.java:3813) ~[filemanager.jar:?]
	at com.st.microxplorer.plugins.projectmanager.gui.ProjectChoiceTab.defineWindowsFields(ProjectChoiceTab.java:1987) ~[filemanager.jar:?]
	at com.st.microxplorer.plugins.projectmanager.gui.ProjectChoiceTab.updateSettings(ProjectChoiceTab.java:558) ~[filemanager.jar:?]
	at com.st.microxplorer.plugins.projectmanager.gui.ProjectSettingsPanel.UpdateDialog(ProjectSettingsPanel.java:247) ~[filemanager.jar:?]
	at com.st.microxplorer.plugins.projectmanager.ProjectManagerView.propertyChange(ProjectManagerView.java:392) ~[filemanager.jar:?]
	at java.beans.PropertyChangeSupport.fire(PropertyChangeSupport.java:343) ~[?:?]
	at java.beans.PropertyChangeSupport.firePropertyChange(PropertyChangeSupport.java:335) ~[?:?]
	at java.beans.PropertyChangeSupport.firePropertyChange(PropertyChangeSupport.java:268) ~[?:?]
	at com.st.microxplorer.util.MXPropertyChangeSupport.firePropertyChange(MXPropertyChangeSupport.java:54) ~[STM32CubeMX.jar:?]
	at com.st.microxplorer.mxsystem.MxSystem.closeConfig(MxSystem.java:899) ~[STM32CubeMX.jar:?]
	at com.st.microxplorer.maingui.MainPanel.closeConfig(MainPanel.java:792) ~[STM32CubeMX.jar:?]
	at com.st.microxplorer.plugins.filemanager.engine.OpenFileManager.loadConfigurationFile(OpenFileManager.java:288) ~[filemanager.jar:?]
	at com.st.microxplorer.plugins.filemanager.engine.MainFileManager.userLoadConfig(MainFileManager.java:364) ~[filemanager.jar:?]
	at com.st.microxplorer.plugins.filemanager.engine.MainFileManager.userLoadConfig(MainFileManager.java:342) ~[filemanager.jar:?]
	at com.st.microxplorer.plugins.filemanager.FileManagerView.getSpecificTask(FileManagerView.java:264) ~[filemanager.jar:?]
	at com.st.stm32cube.common.mx.editor.CubeMxEditor.getMxTabbedPaneInstance(CubeMxEditor.java:1198) ~[com.st.stm32cube.common.mx_6.15.0.202507011659/:?]
	at com.st.stm32cube.common.mx.editor.CubeMxEditor$12$1.createSwingComponent(CubeMxEditor.java:1068) ~[com.st.stm32cube.common.mx_6.15.0.202507011659/:?]
	at com.st.stm32cube.common.mx.oss.core.awtswtbridge.EmbeddedSwingComposite.doComponentCreation(EmbeddedSwingComposite.java:492) ~[com.st.stm32cube.common.mx.oss_6.15.0.202507011659/:?]
	at com.st.stm32cube.common.mx.oss.core.awtswtbridge.EmbeddedSwingComposite$4.run(EmbeddedSwingComposite.java:291) ~[com.st.stm32cube.common.mx.oss_6.15.0.202507011659/:?]
	at com.st.stm32cube.common.mx.oss.core.awtswtbridge.AwtEnvironment$2.run(AwtEnvironment.java:166) ~[com.st.stm32cube.common.mx.oss_6.15.0.202507011659/:?]
	at java.awt.event.InvocationEvent.dispatch(InvocationEvent.java:318) ~[?:?]
	at java.awt.EventQueue.dispatchEventImpl(EventQueue.java:773) ~[?:?]
	at java.awt.EventQueue$4.run(EventQueue.java:720) ~[?:?]
	at java.awt.EventQueue$4.run(EventQueue.java:714) ~[?:?]
	at java.security.AccessController.doPrivileged(AccessController.java:400) ~[?:?]
	at java.security.ProtectionDomain$JavaSecurityAccessImpl.doIntersectionPrivilege(ProtectionDomain.java:87) ~[?:?]
	at java.awt.EventQueue.dispatchEvent(EventQueue.java:742) ~[?:?]
	at java.awt.EventDispatchThread.pumpOneEventForFilters(EventDispatchThread.java:203) ~[?:?]
	at java.awt.EventDispatchThread.pumpEventsForFilter(EventDispatchThread.java:124) ~[?:?]
	at java.awt.EventDispatchThread.pumpEventsForHierarchy(EventDispatchThread.java:113) ~[?:?]
	at java.awt.EventDispatchThread.pumpEvents(EventDispatchThread.java:109) ~[?:?]
	at java.awt.EventDispatchThread.pumpEvents(EventDispatchThread.java:101) ~[?:?]
	at java.awt.EventDispatchThread.run(EventDispatchThread.java:90) ~[?:?]
2026-03-02 00:12:56,065 [WARN] ThirdParty:871 - waiting for thirdparty lock release [close project]
2026-03-02 00:12:56,065 [INFO] ThirdParty:873 - entering critical section [close project]
2026-03-02 00:12:56,065 [INFO] ThirdParty:883 - exiting critical section [close project]
2026-03-02 00:12:56,067 [INFO] PinOutPanel:1589 - setPackage(No Configuration,No Configuration)
2026-03-02 00:12:56,078 [WARN] IpParametersView:155 - Warning: This peripheral hasn't parameters
2026-03-02 00:12:56,100 [WARN] MainPanel:289 - <html><b><center>Warning: This peripheral has no parameters to be configured<br></b></html>
2026-03-02 00:12:56,105 [INFO] UtilMem:75 - Begin LoadConfig() Used Memory: 997216184 Bytes (1073741824)
2026-03-02 00:12:56,106 [INFO] MicroXplorer:468 - Change Database Path : 
2026-03-02 00:12:56,106 [INFO] MicroXplorer:498 - Change Database Version : DB.6.0.150
2026-03-02 00:12:56,106 [INFO] OpenFileManager:355 - Change cursor
2026-03-02 00:12:56,404 [INFO] Mcu:2029 - Initializing MCU STM32F401R(D-E)Tx STM32F401RETx STM32F401RET6
2026-03-02 00:12:58,075 [INFO] Context:786 - Trying to add GPIOservice into a context  which must be forbidden
2026-03-02 00:12:58,809 [INFO] ImportTextPane:234 - (OptionalMessage_ERROR) Pin15 (VP_RIF_VS_RIF1) cannot be retrieved for this MCU
2026-03-02 00:12:58,895 [INFO] RtosManager:558 - Registered RTOS mode: class=CMSIS, group=RTOS, mode=CMSIS_V1, owner=FREERTOS
2026-03-02 00:12:58,895 [INFO] RtosManager:558 - Registered RTOS mode: class=CMSIS, group=RTOS2, mode=CMSIS_V2, owner=FREERTOS
2026-03-02 00:12:58,895 [INFO] RtosManager:558 - Registered RTOS mode: class=RTOS, group=Core, mode=CMSIS_V1, owner=FREERTOS
2026-03-02 00:12:58,895 [INFO] RtosManager:558 - Registered RTOS mode: class=RTOS, group=Core, mode=CMSIS_V2, owner=FREERTOS
2026-03-02 00:12:58,895 [WARN] ModelIntegratedComponent:184 - Missing modes for component STMicroelectronics:FreeRTOS:0.0.1:STMicroelectronics:RTOS:FreeRTOS:Core:::10.2.0:
2026-03-02 00:12:58,906 [WARN] ModelIntegratedComponent:63 - No mode defined for component null
2026-03-02 00:12:58,906 [WARN] ModelIntegratedComponent:63 - No mode defined for component null
2026-03-02 00:12:58,906 [WARN] ModelIntegratedComponent:63 - No mode defined for component null
2026-03-02 00:12:58,906 [WARN] ModelIntegratedComponent:63 - No mode defined for component null
2026-03-02 00:12:58,906 [WARN] ModelIntegratedComponent:63 - No mode defined for component null
2026-03-02 00:12:58,906 [WARN] ModelIntegratedComponent:63 - No mode defined for component null
2026-03-02 00:12:58,906 [WARN] ModelIntegratedComponent:63 - No mode defined for component null
2026-03-02 00:12:58,906 [WARN] ModelIntegratedComponent:63 - No mode defined for component null
2026-03-02 00:12:58,906 [WARN] ModelIntegratedComponent:63 - No mode defined for component null
2026-03-02 00:12:58,906 [WARN] ModelIntegratedComponent:63 - No mode defined for component null
2026-03-02 00:12:58,906 [WARN] ModelIntegratedComponent:63 - No mode defined for component null
2026-03-02 00:12:58,906 [WARN] ModelIntegratedComponent:63 - No mode defined for component null
2026-03-02 00:12:58,906 [WARN] ModelIntegratedComponent:63 - No mode defined for component null
2026-03-02 00:12:58,906 [WARN] ModelIntegratedComponent:63 - No mode defined for component null
2026-03-02 00:12:58,906 [WARN] ModelIntegratedComponent:63 - No mode defined for component null
2026-03-02 00:12:58,906 [WARN] ModelIntegratedComponent:63 - No mode defined for component null
2026-03-02 00:12:58,906 [WARN] ModelIntegratedComponent:63 - No mode defined for component null
2026-03-02 00:12:58,906 [WARN] ModelIntegratedComponent:63 - No mode defined for component null
2026-03-02 00:12:58,907 [WARN] ModelIntegratedComponent:63 - No mode defined for component null
2026-03-02 00:12:58,907 [WARN] ModelIntegratedComponent:63 - No mode defined for component null
2026-03-02 00:12:58,907 [WARN] ModelIntegratedComponent:63 - No mode defined for component null
2026-03-02 00:12:58,907 [WARN] ModelIntegratedComponent:63 - No mode defined for component null
2026-03-02 00:12:58,907 [WARN] ModelIntegratedComponent:63 - No mode defined for component null
2026-03-02 00:12:58,907 [WARN] ModelIntegratedComponent:63 - No mode defined for component null
2026-03-02 00:12:58,907 [WARN] ModelIntegratedComponent:63 - No mode defined for component null
2026-03-02 00:12:58,907 [WARN] ModelIntegratedComponent:63 - No mode defined for component null
2026-03-02 00:12:58,907 [WARN] ModelIntegratedComponent:63 - No mode defined for component null
2026-03-02 00:12:58,907 [WARN] ModelIntegratedComponent:63 - No mode defined for component null
2026-03-02 00:12:58,907 [WARN] ModelIntegratedComponent:63 - No mode defined for component null
2026-03-02 00:12:58,907 [WARN] ModelIntegratedComponent:63 - No mode defined for component null
2026-03-02 00:12:58,907 [WARN] ModelIntegratedComponent:63 - No mode defined for component null
2026-03-02 00:12:58,907 [WARN] ModelIntegratedComponent:63 - No mode defined for component null
2026-03-02 00:12:58,907 [WARN] ModelIntegratedComponent:63 - No mode defined for component null
2026-03-02 00:12:58,907 [WARN] ModelIntegratedComponent:63 - No mode defined for component null
2026-03-02 00:12:58,907 [WARN] ModelIntegratedComponent:63 - No mode defined for component null
2026-03-02 00:12:58,907 [WARN] ModelPack:524 - Component already loaded: STMicroelectronics:HAL Drivers:0.0.0:STMicroelectronics:Device:STMicro_Driver:XSPI:HAL::0.0.1:HAL_XSPI
2026-03-02 00:12:59,280 [INFO] ThirdPartyModel:298 - Start build external matchings
2026-03-02 00:13:00,831 [INFO] ThirdPartyModel:316 - End build external matchings
2026-03-02 00:13:00,908 [INFO] ImportTextPane:234 - (OptionalMessage_ERROR) IP (DMA) : Parameter (Instance) has Id (I2C1_RX) currently not set
2026-03-02 00:13:00,908 [INFO] ImportTextPane:234 - (OptionalMessage_ERROR) IP (DMA) : Parameter (Channel) has Id (I2C1_RX) currently not set
2026-03-02 00:13:00,908 [INFO] ImportTextPane:234 - (OptionalMessage_ERROR) IP (DMA) : Parameter (Direction) has Id (I2C1_RX) currently not set
2026-03-02 00:13:00,908 [INFO] ImportTextPane:234 - (OptionalMessage_ERROR) IP (DMA) : Parameter (PeriphInc) has Id (I2C1_RX) currently not set
2026-03-02 00:13:00,908 [INFO] ImportTextPane:234 - (OptionalMessage_ERROR) IP (DMA) : Parameter (MemInc) has Id (I2C1_RX) currently not set
2026-03-02 00:13:00,909 [INFO] ImportTextPane:234 - (OptionalMessage_ERROR) IP (DMA) : Parameter (PeriphDataAlignment) has Id (I2C1_RX) currently not set
2026-03-02 00:13:00,909 [INFO] ImportTextPane:234 - (OptionalMessage_ERROR) IP (DMA) : Parameter (MemDataAlignment) has Id (I2C1_RX) currently not set
2026-03-02 00:13:00,909 [INFO] ImportTextPane:234 - (OptionalMessage_ERROR) IP (DMA) : Parameter (Mode) has Id (I2C1_RX) currently not set
2026-03-02 00:13:00,909 [INFO] ImportTextPane:234 - (OptionalMessage_ERROR) IP (DMA) : Parameter (Priority) has Id (I2C1_RX) currently not set
2026-03-02 00:13:00,909 [INFO] ImportTextPane:234 - (OptionalMessage_ERROR) IP (DMA) : Parameter (FIFOMode) has Id (I2C1_RX) currently not set
2026-03-02 00:13:00,909 [INFO] ImportTextPane:234 - (OptionalMessage_ERROR) IP (DMA) : Parameter (Instance) has Id (USART2_TX) currently not set
2026-03-02 00:13:00,909 [INFO] ImportTextPane:234 - (OptionalMessage_ERROR) IP (DMA) : Parameter (Channel) has Id (USART2_TX) currently not set
2026-03-02 00:13:00,909 [INFO] ImportTextPane:234 - (OptionalMessage_ERROR) IP (DMA) : Parameter (Direction) has Id (USART2_TX) currently not set
2026-03-02 00:13:00,909 [INFO] ImportTextPane:234 - (OptionalMessage_ERROR) IP (DMA) : Parameter (PeriphInc) has Id (USART2_TX) currently not set
2026-03-02 00:13:00,909 [INFO] ImportTextPane:234 - (OptionalMessage_ERROR) IP (DMA) : Parameter (MemInc) has Id (USART2_TX) currently not set
2026-03-02 00:13:00,909 [INFO] ImportTextPane:234 - (OptionalMessage_ERROR) IP (DMA) : Parameter (PeriphDataAlignment) has Id (USART2_TX) currently not set
2026-03-02 00:13:00,909 [INFO] ImportTextPane:234 - (OptionalMessage_ERROR) IP (DMA) : Parameter (MemDataAlignment) has Id (USART2_TX) currently not set
2026-03-02 00:13:00,909 [INFO] ImportTextPane:234 - (OptionalMessage_ERROR) IP (DMA) : Parameter (Mode) has Id (USART2_TX) currently not set
2026-03-02 00:13:00,909 [INFO] ImportTextPane:234 - (OptionalMessage_ERROR) IP (DMA) : Parameter (Priority) has Id (USART2_TX) currently not set
2026-03-02 00:13:00,910 [INFO] ImportTextPane:234 - (OptionalMessage_ERROR) IP (DMA) : Parameter (FIFOMode) has Id (USART2_TX) currently not set
2026-03-02 00:13:00,912 [INFO] ImportTextPane:234 - (OptionalMessage_ERROR) IP (RCC) : Parameter (RTCHSEDivFreq_Value) has invalid value (4000000)
2026-03-02 00:13:01,229 [INFO] UtilMem:75 - End LoadConfig() Used Memory: 976603368 Bytes (1073741824)
2026-03-02 00:13:01,512 [WARN] ThirdParty:833 - waiting for thirdparty lock release [change project]
2026-03-02 00:13:01,513 [INFO] ThirdParty:835 - entering critical section [change project]
2026-03-02 00:13:01,513 [INFO] ThirdParty:1030 - CMSIS Pack Vendor :STMicroelectronics X-CUBE-PM33A1 1.0.0
2026-03-02 00:13:01,513 [INFO] ThirdParty:1030 - CMSIS Pack Vendor :STMicroelectronics USBPD 4.1
2026-03-02 00:13:01,513 [INFO] ThirdParty:1030 - CMSIS Pack Vendor :STMicroelectronics USB_HOST 2.0.0
2026-03-02 00:13:01,513 [INFO] ThirdParty:1030 - CMSIS Pack Vendor :STMicroelectronics FP-SNS-MOTENVWB1 1.4.0
2026-03-02 00:13:01,513 [INFO] ThirdParty:1030 - CMSIS Pack Vendor :STMicroelectronics X-CUBE-AZRTOS-F4 1.1.0
2026-03-02 00:13:01,513 [INFO] ThirdParty:1030 - CMSIS Pack Vendor :STMicroelectronics LIBJPEG 8.0.0
2026-03-02 00:13:01,513 [INFO] ThirdParty:1030 - CMSIS Pack Vendor :STMicroelectronics FP-ATR-ASTRA1 2.0.2
2026-03-02 00:13:01,513 [INFO] ThirdParty:1030 - CMSIS Pack Vendor :Avnet-IotConnect X-CUBE-IoTC-DA16k-PMOD 1.0.0
2026-03-02 00:13:01,513 [INFO] ThirdParty:1030 - CMSIS Pack Vendor :STMicroelectronics X-CUBE-SMBUS 2.1.0
2026-03-02 00:13:01,513 [INFO] ThirdParty:1030 - CMSIS Pack Vendor :STMicroelectronics X-CUBE-ISPU 2.1.0
2026-03-02 00:13:01,513 [INFO] ThirdParty:1030 - CMSIS Pack Vendor :STMicroelectronics X-CUBE-IPS 3.2.0
2026-03-02 00:13:01,513 [INFO] ThirdParty:1030 - CMSIS Pack Vendor :STMicroelectronics X-CUBE-ST60 1.0.0
2026-03-02 00:13:01,513 [INFO] ThirdParty:1030 - CMSIS Pack Vendor :STMicroelectronics X-CUBE-NFC12 1.0.0
2026-03-02 00:13:01,513 [INFO] ThirdParty:1030 - CMSIS Pack Vendor :STMicroelectronics X-CUBE-AZRTOS-F7 1.1.0
2026-03-02 00:13:01,513 [INFO] ThirdParty:1030 - CMSIS Pack Vendor :STMicroelectronics X-CUBE-AZRTOS-L5 2.0.0
2026-03-02 00:13:01,513 [INFO] ThirdParty:1030 - CMSIS Pack Vendor :STMicroelectronics USB_DEVICE 2.0.0
2026-03-02 00:13:01,513 [INFO] ThirdParty:1030 - CMSIS Pack Vendor :STMicroelectronics X-CUBE-NFC6 3.1.0
2026-03-02 00:13:01,513 [INFO] ThirdParty:1030 - CMSIS Pack Vendor :Cesanta I-CUBE-Mongoose 7.19.0
2026-03-02 00:13:01,513 [INFO] ThirdParty:1030 - CMSIS Pack Vendor :STMicroelectronics FP-SNS-MOTENV1 5.1.0
2026-03-02 00:13:01,513 [INFO] ThirdParty:1030 - CMSIS Pack Vendor :STMicroelectronics FreeRTOS 0.0.1
2026-03-02 00:13:01,513 [INFO] ThirdParty:1030 - CMSIS Pack Vendor :WES I-CUBE-Cesium 1.4.0
2026-03-02 00:13:01,514 [INFO] ThirdParty:1030 - CMSIS Pack Vendor :Infineon AIROC-Wi-Fi-Bluetooth-STM32 1.7.1
2026-03-02 00:13:01,514 [INFO] ThirdParty:1030 - CMSIS Pack Vendor :STMicroelectronics PDM2PCM 3.3.0
2026-03-02 00:13:01,514 [INFO] ThirdParty:1030 - CMSIS Pack Vendor :STMicroelectronics X-CUBE-AZRTOS-H7 3.4.0
2026-03-02 00:13:01,514 [INFO] ThirdParty:1030 - CMSIS Pack Vendor :STMicroelectronics X-CUBE-DISPLAY 3.0.0
2026-03-02 00:13:01,514 [INFO] ThirdParty:1030 - CMSIS Pack Vendor :STMicroelectronics FP-SNS-MOTENVWB1 1.5.0
2026-03-02 00:13:01,514 [INFO] ThirdParty:1030 - CMSIS Pack Vendor :STMicroelectronics X-CUBE-NFC10 1.0.0
2026-03-02 00:13:01,514 [INFO] ThirdParty:1030 - CMSIS Pack Vendor :STMicroelectronics X-CUBE-FREERTOS 1.3.1
2026-03-02 00:13:01,514 [INFO] ThirdParty:1030 - CMSIS Pack Vendor :STMicroelectronics HAL Drivers 0.0.0
2026-03-02 00:13:01,514 [INFO] ThirdParty:1030 - CMSIS Pack Vendor :STMicroelectronics X-CUBE-ST60 1.1.0
2026-03-02 00:13:01,514 [INFO] ThirdParty:1030 - CMSIS Pack Vendor :emotas I-CUBE-CANOPEN 1.3.0
2026-03-02 00:13:01,514 [INFO] ThirdParty:1030 - CMSIS Pack Vendor :STMicroelectronics MBEDTLS 2.14.1
2026-03-02 00:13:01,514 [INFO] ThirdParty:1030 - CMSIS Pack Vendor :STMicroelectronics X-CUBE-GNSS1 7.1.0
2026-03-02 00:13:01,514 [INFO] ThirdParty:1030 - CMSIS Pack Vendor :STMicroelectronics X-CUBE-TOUCHGFX 4.26.0
2026-03-02 00:13:01,514 [INFO] ThirdParty:1030 - CMSIS Pack Vendor :STMicroelectronics FP-SNS-STBOX1 2.1.0
2026-03-02 00:13:01,514 [INFO] ThirdParty:1030 - CMSIS Pack Vendor :STMicroelectronics FP-SNS-STAIOTCFT 1.0.0
2026-03-02 00:13:01,514 [INFO] ThirdParty:1030 - CMSIS Pack Vendor :STMicroelectronics FP-SNS-SMARTAG2 1.2.0
2026-03-02 00:13:01,514 [INFO] ThirdParty:1030 - CMSIS Pack Vendor :STMicroelectronics FP-SNS-FLIGHT1 5.1.0
2026-03-02 00:13:01,514 [INFO] ThirdParty:1030 - CMSIS Pack Vendor :STMicroelectronics X-CUBE-AZRTOS-WL 2.0.0
2026-03-02 00:13:01,514 [INFO] ThirdParty:1030 - CMSIS Pack Vendor :STMicroelectronics X-CUBE-DPower 1.3.0
2026-03-02 00:13:01,514 [INFO] ThirdParty:1030 - CMSIS Pack Vendor :STMicroelectronics FP-SNS-MOTENV1 5.0.0
2026-03-02 00:13:01,514 [INFO] ThirdParty:1030 - CMSIS Pack Vendor :STMicroelectronics USB_DEVICE 1.0.0
2026-03-02 00:13:01,514 [INFO] ThirdParty:1030 - CMSIS Pack Vendor :STMicroelectronics X-CUBE-AZRTOS-H7RS 1.2.0
2026-03-02 00:13:01,514 [INFO] ThirdParty:1030 - CMSIS Pack Vendor :STMicroelectronics X-CUBE-AZRTOS-L4 2.0.0
2026-03-02 00:13:01,514 [INFO] ThirdParty:1030 - CMSIS Pack Vendor :STMicroelectronics ThreadX 0.0.2
2026-03-02 00:13:01,514 [INFO] ThirdParty:1030 - CMSIS Pack Vendor :STMicroelectronics lwIP 2.1.2
2026-03-02 00:13:01,514 [INFO] ThirdParty:1030 - CMSIS Pack Vendor :STMicroelectronics X-CUBE-SFXS2LP1 4.0.0
2026-03-02 00:13:01,514 [INFO] ThirdParty:1030 - CMSIS Pack Vendor :STMicroelectronics X-CUBE-BLE2 3.3.0
2026-03-02 00:13:01,515 [INFO] ThirdParty:1030 - CMSIS Pack Vendor :Avnet-IOTCONNECT X-CUBE-iotc-st67-sdk 1.0.0
2026-03-02 00:13:01,515 [INFO] ThirdParty:1030 - CMSIS Pack Vendor :STMicroelectronics PDM2PCM 3.2.0
2026-03-02 00:13:01,515 [INFO] ThirdParty:1030 - CMSIS Pack Vendor :STMicroelectronics X-CUBE-ST67W61 1.2.0
2026-03-02 00:13:01,515 [INFO] ThirdParty:1030 - CMSIS Pack Vendor :STMicroelectronics X-CUBE-NFC9 1.0.0
2026-03-02 00:13:01,515 [INFO] ThirdParty:1030 - CMSIS Pack Vendor :wolfSSL I-CUBE-wolfSSL 5.8.2
2026-03-02 00:13:01,515 [INFO] ThirdParty:1030 - CMSIS Pack Vendor :STMicroelectronics X-CUBE-BLE1 7.1.0
2026-03-02 00:13:01,515 [INFO] ThirdParty:1030 - CMSIS Pack Vendor :wolfSSL I-CUBE-wolfMQTT 1.19.2
2026-03-02 00:13:01,515 [INFO] ThirdParty:1030 - CMSIS Pack Vendor :STMicroelectronics USB_DEVICE 3.0.0
2026-03-02 00:13:01,515 [INFO] ThirdParty:1030 - CMSIS Pack Vendor :STMicroelectronics X-CUBE-FREERTOS 1.4.0
2026-03-02 00:13:01,515 [INFO] ThirdParty:1030 - CMSIS Pack Vendor :STMicroelectronics X-CUBE-EEPRMA1 5.2.0
2026-03-02 00:13:01,515 [INFO] ThirdParty:1030 - CMSIS Pack Vendor :STMicroelectronics X-CUBE-BLEMGR 4.1.0
2026-03-02 00:13:01,515 [INFO] ThirdParty:1030 - CMSIS Pack Vendor :STMicroelectronics X-CUBE-AZRTOS-WB 2.0.0
2026-03-02 00:13:01,515 [INFO] ThirdParty:1030 - CMSIS Pack Vendor :STMicroelectronics X-CUBE-GNSS1 7.0.1
2026-03-02 00:13:01,515 [INFO] ThirdParty:1030 - CMSIS Pack Vendor :STMicroelectronics X-CUBE-TOUCHGFX 4.25.0
2026-03-02 00:13:01,515 [INFO] ThirdParty:1030 - CMSIS Pack Vendor :STMicroelectronics X-CUBE-ST67W61 1.1.0
2026-03-02 00:13:01,515 [INFO] ThirdParty:1030 - CMSIS Pack Vendor :quantropi X-CUBE-qispace-sdk-base 2.1.0
2026-03-02 00:13:01,515 [INFO] ThirdParty:1030 - CMSIS Pack Vendor :STMicroelectronics X-CUBE-MEMS1 12.0.0
2026-03-02 00:13:01,515 [INFO] ThirdParty:1030 - CMSIS Pack Vendor :STMicroelectronics X-CUBE-STSE01 2.0.0
2026-03-02 00:13:01,515 [INFO] ThirdParty:1030 - CMSIS Pack Vendor :STMicroelectronics X-CUBE-AZRTOS-G0 1.1.0
2026-03-02 00:13:01,515 [INFO] ThirdParty:1030 - CMSIS Pack Vendor :STMicroelectronics X-CUBE-SAFEA1 1.2.2
2026-03-02 00:13:01,515 [INFO] ThirdParty:1030 - CMSIS Pack Vendor :STMicroelectronics X-CUBE-NFC4 3.0.0
2026-03-02 00:13:01,515 [INFO] ThirdParty:1030 - CMSIS Pack Vendor :STMicroelectronics X-CUBE-SUBG2 5.0.0
2026-03-02 00:13:01,515 [INFO] ThirdParty:1030 - CMSIS Pack Vendor :STMicroelectronics X-CUBE-AZRTOS-H7RS 1.1.0
2026-03-02 00:13:01,515 [INFO] ThirdParty:1030 - CMSIS Pack Vendor :STMicroelectronics STM32_WPAN 1.0.0
2026-03-02 00:13:01,515 [INFO] ThirdParty:1030 - CMSIS Pack Vendor :EmbeddedOffice I-CUBE-FS-RTOS 1.0.1
2026-03-02 00:13:01,515 [INFO] ThirdParty:1030 - CMSIS Pack Vendor :STMicroelectronics lwIP 2.0.3
2026-03-02 00:13:01,515 [INFO] ThirdParty:1030 - CMSIS Pack Vendor :STMicroelectronics USB_HOST 1.0.0
2026-03-02 00:13:01,515 [INFO] ThirdParty:1030 - CMSIS Pack Vendor :STMicroelectronics X-CUBE-AZRTOS-G4 2.0.0
2026-03-02 00:13:01,516 [INFO] ThirdParty:1030 - CMSIS Pack Vendor :STMicroelectronics X-CUBE-WB05N 2.0.0
2026-03-02 00:13:01,516 [INFO] ThirdParty:1030 - CMSIS Pack Vendor :STMicroelectronics PDM2PCM 3.1.0
2026-03-02 00:13:01,516 [INFO] ThirdParty:1030 - CMSIS Pack Vendor :wolfSSL I-CUBE-wolfTPM 3.8.0
2026-03-02 00:13:01,516 [INFO] ThirdParty:1030 - CMSIS Pack Vendor :wolfSSL I-CUBE-wolfSSH 1.4.20
2026-03-02 00:13:01,516 [INFO] ThirdParty:1030 - CMSIS Pack Vendor :STMicroelectronics X-CUBE-NFC7 2.0.0
2026-03-02 00:13:01,516 [INFO] ThirdParty:1030 - CMSIS Pack Vendor :STMicroelectronics X-CUBE-TCPP 4.2.0
2026-03-02 00:13:01,516 [INFO] ThirdParty:1030 - CMSIS Pack Vendor :RealThread X-CUBE-RT-Thread_Nano 4.1.1
2026-03-02 00:13:01,516 [INFO] ThirdParty:1030 - CMSIS Pack Vendor :STMicroelectronics FP-ATR-SIGFOX1 3.2.0
2026-03-02 00:13:01,516 [INFO] ThirdParty:1030 - CMSIS Pack Vendor :STMicroelectronics MBEDTLS 2.16.2
2026-03-02 00:13:01,516 [INFO] ThirdParty:1030 - CMSIS Pack Vendor :STMicroelectronics X-CUBE-IPS 3.1.0
2026-03-02 00:13:01,516 [INFO] ThirdParty:1030 - CMSIS Pack Vendor :STMicroelectronics X-CUBE-ALS 1.0.2
2026-03-02 00:13:01,516 [INFO] ThirdParty:1030 - CMSIS Pack Vendor :ITTIA_DB I-CUBE-ITTIADB 8.9.0
2026-03-02 00:13:01,516 [INFO] ThirdParty:1030 - CMSIS Pack Vendor :STMicroelectronics X-CUBE-STSE01 1.0.0
2026-03-02 00:13:01,516 [INFO] ThirdParty:1030 - CMSIS Pack Vendor :STMicroelectronics X-CUBE-NFC6 3.2.0
2026-03-02 00:13:01,516 [INFO] ThirdParty:1030 - CMSIS Pack Vendor :STMicroelectronics X-CUBE-ST67W61 1.0.0
2026-03-02 00:13:01,516 [INFO] ThirdParty:1030 - CMSIS Pack Vendor :STMicroelectronics X-CUBE-AI 10.2.0
2026-03-02 00:13:01,516 [INFO] ThirdParty:1030 - CMSIS Pack Vendor :STMicroelectronics ThreadX 1.0.0
2026-03-02 00:13:01,516 [INFO] ThirdParty:1030 - CMSIS Pack Vendor :SEGGER I-CUBE-embOS 1.3.1
2026-03-02 00:13:01,516 [INFO] ThirdParty:1030 - CMSIS Pack Vendor :STMicroelectronics X-CUBE-ALGOBUILD 1.4.0
2026-03-02 00:13:01,516 [INFO] ThirdParty:1030 - CMSIS Pack Vendor :STMicroelectronics X-CUBE-MEMS1 11.3.0
2026-03-02 00:13:01,516 [INFO] ThirdParty:1030 - CMSIS Pack Vendor :STMicroelectronics X-CUBE-TOF1 3.4.3
2026-03-02 00:13:01,516 [INFO] ThirdParty:841 - exiting critical section [change project]
2026-03-02 00:13:01,842 [INFO] PinOutPanel:1589 - setPackage(No Configuration,No Configuration)
2026-03-02 00:13:01,842 [INFO] PinOutPanel:1589 - setPackage(STM32F401RETx,LQFP64)
2026-03-02 00:13:02,297 [INFO] UtilMem:75 - Before build in PCC Used Memory: 966801968 Bytes (1073741824)
2026-03-02 00:13:02,834 [INFO] UtilMem:75 - After build in PCC Used Memory: 871474032 Bytes (1073741824)
2026-03-02 00:13:02,866 [INFO] IPUIPlugin:80 - create IPUIPlugin
2026-03-02 00:13:02,867 [INFO] IPUIPlugin:80 - create IPUIPlugin
2026-03-02 00:13:02,867 [INFO] IPUIPlugin:80 - create IPUIPlugin
2026-03-02 00:13:02,867 [INFO] IPUIPlugin:80 - create IPUIPlugin
2026-03-02 00:13:02,867 [INFO] IPUIPlugin:80 - create IPUIPlugin
2026-03-02 00:13:02,867 [INFO] IPUIPlugin:80 - create IPUIPlugin
2026-03-02 00:13:02,867 [INFO] IPUIPlugin:80 - create IPUIPlugin
2026-03-02 00:13:02,867 [INFO] IPUIPlugin:80 - create IPUIPlugin
2026-03-02 00:13:02,867 [INFO] IPUIPlugin:80 - create IPUIPlugin
2026-03-02 00:13:02,868 [INFO] IPUIPlugin:80 - create IPUIPlugin
2026-03-02 00:13:02,868 [INFO] IPUIPlugin:80 - create IPUIPlugin
2026-03-02 00:13:02,869 [INFO] IPUIPlugin:80 - create IPUIPlugin
2026-03-02 00:13:02,869 [INFO] IPUIPlugin:80 - create IPUIPlugin
2026-03-02 00:13:02,870 [INFO] IPUIPlugin:80 - create IPUIPlugin
2026-03-02 00:13:02,870 [INFO] IPUIPlugin:80 - create IPUIPlugin
2026-03-02 00:13:02,870 [INFO] IPUIPlugin:80 - create IPUIPlugin
2026-03-02 00:13:02,870 [INFO] IPUIPlugin:80 - create IPUIPlugin
2026-03-02 00:13:02,870 [INFO] IPUIPlugin:80 - create IPUIPlugin
2026-03-02 00:13:02,871 [INFO] IPUIPlugin:80 - create IPUIPlugin
2026-03-02 00:13:02,871 [INFO] IPUIPlugin:80 - create IPUIPlugin
2026-03-02 00:13:02,872 [INFO] IPUIPlugin:80 - create IPUIPlugin
2026-03-02 00:13:02,872 [INFO] IPUIPlugin:80 - create IPUIPlugin
2026-03-02 00:13:02,872 [INFO] IPUIPlugin:80 - create IPUIPlugin
2026-03-02 00:13:02,873 [INFO] IPUIPlugin:80 - create IPUIPlugin
2026-03-02 00:13:02,873 [INFO] IPUIPlugin:80 - create IPUIPlugin
2026-03-02 00:13:02,874 [INFO] IPUIPlugin:80 - create IPUIPlugin
2026-03-02 00:13:02,874 [INFO] IPUIPlugin:80 - create IPUIPlugin
2026-03-02 00:13:02,875 [INFO] IPUIPlugin:80 - create IPUIPlugin
2026-03-02 00:13:02,875 [INFO] IPUIPlugin:80 - create IPUIPlugin
2026-03-02 00:13:02,875 [INFO] IPUIPlugin:80 - create IPUIPlugin
2026-03-02 00:13:02,875 [INFO] IPUIPlugin:80 - create IPUIPlugin
2026-03-02 00:13:02,876 [INFO] IPUIPlugin:80 - create IPUIPlugin
2026-03-02 00:13:02,876 [INFO] IPUIPlugin:80 - create IPUIPlugin
2026-03-02 00:13:02,877 [INFO] IPUIPlugin:80 - create IPUIPlugin
2026-03-02 00:13:02,877 [INFO] IPUIPlugin:80 - create IPUIPlugin
2026-03-02 00:13:02,878 [INFO] IPUIPlugin:80 - create IPUIPlugin
2026-03-02 00:13:02,878 [INFO] IPUIPlugin:80 - create IPUIPlugin
2026-03-02 00:13:02,879 [INFO] IPUIPlugin:80 - create IPUIPlugin
2026-03-02 00:13:02,882 [INFO] ApiDbMcu:532 - Load IP Config File for PDM2PCM
2026-03-02 00:13:02,883 [WARN] IP:2250 - I2C_Coeff_DF not found: check if there is a RefParameter without a condition.
2026-03-02 00:13:02,883 [WARN] IP:2250 - Analog_Filter not found: check if there is a RefParameter without a condition.
2026-03-02 00:13:02,963 [INFO] CADModel:165 - CPN selected for project levelSTM32F401RET6
2026-03-02 00:13:02,963 [INFO] CADModel:114 - Register for checkConnection events
2026-03-02 00:13:03,034 [INFO] OpenFileManager:386 - Restore cursor
2026-03-02 00:13:03,094 [WARN] IP:2250 - I2C_Coeff_DF not found: check if there is a RefParameter without a condition.
2026-03-02 00:13:03,094 [WARN] IP:2250 - Analog_Filter not found: check if there is a RefParameter without a condition.
2026-03-02 00:13:03,094 [WARN] IP:2250 - I2C_Coeff_DF not found: check if there is a RefParameter without a condition.
2026-03-02 00:13:03,094 [WARN] IP:2250 - Analog_Filter not found: check if there is a RefParameter without a condition.
2026-03-02 00:13:33,393 [WARN] IP:2250 - I2C_Coeff_DF not found: check if there is a RefParameter without a condition.
2026-03-02 00:13:33,393 [WARN] IP:2250 - Analog_Filter not found: check if there is a RefParameter without a condition.
2026-03-02 00:13:42,282 [INFO] NvicIntPanel:101 - NVIC parent = com.st.microxplorer.plugins.ip.nvic.MultiNvicIntPanel[,0,0,450x264,layout=javax.swing.BoxLayout,alignmentX=0.0,alignmentY=0.0,border=,flags=9,maximumSize=,minimumSize=,preferredSize=]
2026-03-02 00:13:45,088 [WARN] IP:2250 - I2C_Coeff_DF not found: check if there is a RefParameter without a condition.
2026-03-02 00:13:45,089 [WARN] IP:2250 - Analog_Filter not found: check if there is a RefParameter without a condition.
2026-03-02 00:15:16,130 [INFO] NvicIntPanel:101 - NVIC parent = com.st.microxplorer.plugins.ip.nvic.MultiNvicIntPanel[,0,0,450x264,layout=javax.swing.BoxLayout,alignmentX=0.0,alignmentY=0.0,border=,flags=9,maximumSize=,minimumSize=,preferredSize=]
2026-03-02 00:15:18,004 [WARN] IP:2250 - I2C_Coeff_DF not found: check if there is a RefParameter without a condition.
2026-03-02 00:15:18,004 [WARN] IP:2250 - Analog_Filter not found: check if there is a RefParameter without a condition.
2026-03-02 00:15:19,506 [INFO] NvicIntPanel:101 - NVIC parent = com.st.microxplorer.plugins.ip.nvic.MultiNvicIntPanel[,0,0,450x264,layout=javax.swing.BoxLayout,alignmentX=0.0,alignmentY=0.0,border=,flags=9,maximumSize=,minimumSize=,preferredSize=]
2026-03-02 00:15:24,301 [WARN] IP:2250 - I2C_Coeff_DF not found: check if there is a RefParameter without a condition.
2026-03-02 00:15:24,301 [WARN] IP:2250 - Analog_Filter not found: check if there is a RefParameter without a condition.
2026-03-02 00:15:27,621 [WARN] IP:2250 - I2C_Coeff_DF not found: check if there is a RefParameter without a condition.
2026-03-02 00:15:27,621 [WARN] IP:2250 - Analog_Filter not found: check if there is a RefParameter without a condition.
2026-03-02 00:23:23,042 [INFO] MainUpdater:2872 - connection check result : 10
2026-03-02 00:23:23,042 [INFO] MainUpdater:2872 - connection check result : 10
2026-03-02 00:23:24,322 [INFO] MicroXplorer:468 - Change Database Path : 
2026-03-02 00:23:24,322 [INFO] MicroXplorer:498 - Change Database Version : DB.6.0.150
2026-03-02 00:23:24,363 [ERROR] ProjectManagerView:395 - 
java.lang.NullPointerException: Cannot invoke "javax.swing.JTextField.getText()" because the return value of "java.util.List.get(int)" is null
	at com.st.microxplorer.plugins.projectmanager.gui.ProjectChoiceTab$9.caretUpdate(ProjectChoiceTab.java:2706) ~[filemanager.jar:?]
	at javax.swing.text.JTextComponent.fireCaretUpdate(JTextComponent.java:408) ~[?:?]
	at javax.swing.text.JTextComponent$MutableCaretEvent.fire(JTextComponent.java:4484) ~[?:?]
	at javax.swing.text.JTextComponent$MutableCaretEvent.stateChanged(JTextComponent.java:4506) ~[?:?]
	at javax.swing.text.DefaultCaret.fireStateChanged(DefaultCaret.java:857) ~[?:?]
	at javax.swing.text.DefaultCaret.changeCaretPosition(DefaultCaret.java:1343) ~[?:?]
	at javax.swing.text.DefaultCaret.handleSetDot(DefaultCaret.java:1242) ~[?:?]
	at javax.swing.text.DefaultCaret.setDot(DefaultCaret.java:1223) ~[?:?]
	at javax.swing.text.DefaultCaret$Handler.insertUpdate(DefaultCaret.java:1819) ~[?:?]
	at javax.swing.text.AbstractDocument.fireInsertUpdate(AbstractDocument.java:227) ~[?:?]
	at javax.swing.text.AbstractDocument.handleInsertString(AbstractDocument.java:781) ~[?:?]
	at javax.swing.text.AbstractDocument.insertString(AbstractDocument.java:740) ~[?:?]
	at javax.swing.text.PlainDocument.insertString(PlainDocument.java:131) ~[?:?]
	at javax.swing.text.AbstractDocument.replace(AbstractDocument.java:699) ~[?:?]
	at javax.swing.text.JTextComponent.setText(JTextComponent.java:1725) ~[?:?]
	at com.st.microxplorer.plugins.projectmanager.gui.ProjectChoiceTab.createHeapStackFields(ProjectChoiceTab.java:993) ~[filemanager.jar:?]
	at com.st.microxplorer.plugins.projectmanager.gui.ProjectChoiceTab.buildLinkSettingsPanel(ProjectChoiceTab.java:3813) ~[filemanager.jar:?]
	at com.st.microxplorer.plugins.projectmanager.gui.ProjectChoiceTab.defineWindowsFields(ProjectChoiceTab.java:1987) ~[filemanager.jar:?]
	at com.st.microxplorer.plugins.projectmanager.gui.ProjectChoiceTab.updateSettings(ProjectChoiceTab.java:558) ~[filemanager.jar:?]
	at com.st.microxplorer.plugins.projectmanager.gui.ProjectSettingsPanel.UpdateDialog(ProjectSettingsPanel.java:247) ~[filemanager.jar:?]
	at com.st.microxplorer.plugins.projectmanager.ProjectManagerView.propertyChange(ProjectManagerView.java:392) ~[filemanager.jar:?]
	at java.beans.PropertyChangeSupport.fire(PropertyChangeSupport.java:343) ~[?:?]
	at java.beans.PropertyChangeSupport.firePropertyChange(PropertyChangeSupport.java:335) ~[?:?]
	at java.beans.PropertyChangeSupport.firePropertyChange(PropertyChangeSupport.java:268) ~[?:?]
	at com.st.microxplorer.util.MXPropertyChangeSupport.firePropertyChange(MXPropertyChangeSupport.java:54) ~[STM32CubeMX.jar:?]
	at com.st.microxplorer.mxsystem.MxSystem.closeConfig(MxSystem.java:899) ~[STM32CubeMX.jar:?]
	at com.st.microxplorer.maingui.MainPanel.closeConfig(MainPanel.java:792) ~[STM32CubeMX.jar:?]
	at com.st.microxplorer.plugins.filemanager.engine.OpenFileManager.loadConfigurationFile(OpenFileManager.java:288) ~[filemanager.jar:?]
	at com.st.microxplorer.plugins.filemanager.engine.MainFileManager.userLoadConfig(MainFileManager.java:364) ~[filemanager.jar:?]
	at com.st.microxplorer.plugins.filemanager.engine.MainFileManager.userLoadConfig(MainFileManager.java:342) ~[filemanager.jar:?]
	at com.st.microxplorer.plugins.filemanager.FileManagerView.getSpecificTask(FileManagerView.java:264) ~[filemanager.jar:?]
	at com.st.stm32cube.common.mx.editor.CubeMxEditor.getMxTabbedPaneInstance(CubeMxEditor.java:1198) ~[com.st.stm32cube.common.mx_6.15.0.202507011659/:?]
	at com.st.stm32cube.common.mx.editor.CubeMxEditor$12$1.createSwingComponent(CubeMxEditor.java:1068) ~[com.st.stm32cube.common.mx_6.15.0.202507011659/:?]
	at com.st.stm32cube.common.mx.oss.core.awtswtbridge.EmbeddedSwingComposite.doComponentCreation(EmbeddedSwingComposite.java:492) ~[com.st.stm32cube.common.mx.oss_6.15.0.202507011659/:?]
	at com.st.stm32cube.common.mx.oss.core.awtswtbridge.EmbeddedSwingComposite$4.run(EmbeddedSwingComposite.java:291) ~[com.st.stm32cube.common.mx.oss_6.15.0.202507011659/:?]
	at com.st.stm32cube.common.mx.oss.core.awtswtbridge.AwtEnvironment$2.run(AwtEnvironment.java:166) ~[com.st.stm32cube.common.mx.oss_6.15.0.202507011659/:?]
	at java.awt.event.InvocationEvent.dispatch(InvocationEvent.java:318) ~[?:?]
	at java.awt.EventQueue.dispatchEventImpl(EventQueue.java:773) ~[?:?]
	at java.awt.EventQueue$4.run(EventQueue.java:720) ~[?:?]
	at java.awt.EventQueue$4.run(EventQueue.java:714) ~[?:?]
	at java.security.AccessController.doPrivileged(AccessController.java:400) ~[?:?]
	at java.security.ProtectionDomain$JavaSecurityAccessImpl.doIntersectionPrivilege(ProtectionDomain.java:87) ~[?:?]
	at java.awt.EventQueue.dispatchEvent(EventQueue.java:742) ~[?:?]
	at java.awt.EventDispatchThread.pumpOneEventForFilters(EventDispatchThread.java:203) ~[?:?]
	at java.awt.EventDispatchThread.pumpEventsForFilter(EventDispatchThread.java:124) ~[?:?]
	at java.awt.EventDispatchThread.pumpEventsForHierarchy(EventDispatchThread.java:113) ~[?:?]
	at java.awt.EventDispatchThread.pumpEvents(EventDispatchThread.java:109) ~[?:?]
	at java.awt.EventDispatchThread.pumpEvents(EventDispatchThread.java:101) ~[?:?]
	at java.awt.EventDispatchThread.run(EventDispatchThread.java:90) ~[?:?]
2026-03-02 00:23:24,365 [WARN] ThirdParty:871 - waiting for thirdparty lock release [close project]
2026-03-02 00:23:24,365 [INFO] ThirdParty:873 - entering critical section [close project]
2026-03-02 00:23:24,366 [INFO] ThirdParty:883 - exiting critical section [close project]
2026-03-02 00:23:24,368 [INFO] PinOutPanel:1589 - setPackage(No Configuration,No Configuration)
2026-03-02 00:23:24,449 [WARN] IpParametersView:155 - Warning: This peripheral hasn't parameters
2026-03-02 00:23:24,502 [WARN] MainPanel:289 - <html><b><center>Warning: This peripheral has no parameters to be configured<br></b></html>
2026-03-02 00:23:24,508 [INFO] UtilMem:75 - Begin LoadConfig() Used Memory: 892014264 Bytes (1073741824)
2026-03-02 00:23:24,509 [INFO] MicroXplorer:468 - Change Database Path : 
2026-03-02 00:23:24,509 [INFO] MicroXplorer:498 - Change Database Version : DB.6.0.150
2026-03-02 00:23:24,509 [INFO] OpenFileManager:355 - Change cursor
2026-03-02 00:23:24,608 [INFO] Mcu:2029 - Initializing MCU STM32F401R(D-E)Tx STM32F401RETx STM32F401RET6
2026-03-02 00:23:27,041 [INFO] Context:786 - Trying to add GPIOservice into a context  which must be forbidden
2026-03-02 00:23:27,843 [INFO] ImportTextPane:234 - (OptionalMessage_ERROR) Pin20 (VP_RIF_VS_RIF1) cannot be retrieved for this MCU
2026-03-02 00:23:27,927 [INFO] RtosManager:558 - Registered RTOS mode: class=CMSIS, group=RTOS, mode=CMSIS_V1, owner=FREERTOS
2026-03-02 00:23:27,929 [INFO] RtosManager:558 - Registered RTOS mode: class=CMSIS, group=RTOS2, mode=CMSIS_V2, owner=FREERTOS
2026-03-02 00:23:27,930 [INFO] RtosManager:558 - Registered RTOS mode: class=RTOS, group=Core, mode=CMSIS_V1, owner=FREERTOS
2026-03-02 00:23:27,931 [INFO] RtosManager:558 - Registered RTOS mode: class=RTOS, group=Core, mode=CMSIS_V2, owner=FREERTOS
2026-03-02 00:23:27,931 [WARN] ModelIntegratedComponent:184 - Missing modes for component STMicroelectronics:FreeRTOS:0.0.1:STMicroelectronics:RTOS:FreeRTOS:Core:::10.2.0:
2026-03-02 00:23:27,942 [WARN] ModelIntegratedComponent:63 - No mode defined for component null
2026-03-02 00:23:27,942 [WARN] ModelIntegratedComponent:63 - No mode defined for component null
2026-03-02 00:23:27,943 [WARN] ModelIntegratedComponent:63 - No mode defined for component null
2026-03-02 00:23:27,943 [WARN] ModelIntegratedComponent:63 - No mode defined for component null
2026-03-02 00:23:27,943 [WARN] ModelIntegratedComponent:63 - No mode defined for component null
2026-03-02 00:23:27,943 [WARN] ModelIntegratedComponent:63 - No mode defined for component null
2026-03-02 00:23:27,943 [WARN] ModelIntegratedComponent:63 - No mode defined for component null
2026-03-02 00:23:27,944 [WARN] ModelIntegratedComponent:63 - No mode defined for component null
2026-03-02 00:23:27,945 [WARN] ModelIntegratedComponent:63 - No mode defined for component null
2026-03-02 00:23:27,945 [WARN] ModelIntegratedComponent:63 - No mode defined for component null
2026-03-02 00:23:27,945 [WARN] ModelIntegratedComponent:63 - No mode defined for component null
2026-03-02 00:23:27,945 [WARN] ModelIntegratedComponent:63 - No mode defined for component null
2026-03-02 00:23:27,945 [WARN] ModelIntegratedComponent:63 - No mode defined for component null
2026-03-02 00:23:27,945 [WARN] ModelIntegratedComponent:63 - No mode defined for component null
2026-03-02 00:23:27,945 [WARN] ModelIntegratedComponent:63 - No mode defined for component null
2026-03-02 00:23:27,946 [WARN] ModelIntegratedComponent:63 - No mode defined for component null
2026-03-02 00:23:27,946 [WARN] ModelIntegratedComponent:63 - No mode defined for component null
2026-03-02 00:23:27,946 [WARN] ModelIntegratedComponent:63 - No mode defined for component null
2026-03-02 00:23:27,946 [WARN] ModelIntegratedComponent:63 - No mode defined for component null
2026-03-02 00:23:27,946 [WARN] ModelIntegratedComponent:63 - No mode defined for component null
2026-03-02 00:23:27,946 [WARN] ModelIntegratedComponent:63 - No mode defined for component null
2026-03-02 00:23:27,946 [WARN] ModelIntegratedComponent:63 - No mode defined for component null
2026-03-02 00:23:27,946 [WARN] ModelIntegratedComponent:63 - No mode defined for component null
2026-03-02 00:23:27,947 [WARN] ModelIntegratedComponent:63 - No mode defined for component null
2026-03-02 00:23:27,947 [WARN] ModelIntegratedComponent:63 - No mode defined for component null
2026-03-02 00:23:27,947 [WARN] ModelIntegratedComponent:63 - No mode defined for component null
2026-03-02 00:23:27,947 [WARN] ModelIntegratedComponent:63 - No mode defined for component null
2026-03-02 00:23:27,947 [WARN] ModelIntegratedComponent:63 - No mode defined for component null
2026-03-02 00:23:27,947 [WARN] ModelIntegratedComponent:63 - No mode defined for component null
2026-03-02 00:23:27,947 [WARN] ModelIntegratedComponent:63 - No mode defined for component null
2026-03-02 00:23:27,947 [WARN] ModelIntegratedComponent:63 - No mode defined for component null
2026-03-02 00:23:27,947 [WARN] ModelIntegratedComponent:63 - No mode defined for component null
2026-03-02 00:23:27,948 [WARN] ModelIntegratedComponent:63 - No mode defined for component null
2026-03-02 00:23:27,948 [WARN] ModelIntegratedComponent:63 - No mode defined for component null
2026-03-02 00:23:27,948 [WARN] ModelIntegratedComponent:63 - No mode defined for component null
2026-03-02 00:23:27,948 [WARN] ModelPack:524 - Component already loaded: STMicroelectronics:HAL Drivers:0.0.0:STMicroelectronics:Device:STMicro_Driver:XSPI:HAL::0.0.1:HAL_XSPI
2026-03-02 00:23:28,927 [INFO] ThirdPartyModel:298 - Start build external matchings
2026-03-02 00:23:30,366 [INFO] ThirdPartyModel:316 - End build external matchings
2026-03-02 00:23:30,403 [INFO] ImportTextPane:234 - (OptionalMessage_ERROR) IP (RCC) : Parameter (RTCHSEDivFreq_Value) has invalid value (4000000)
2026-03-02 00:23:30,764 [INFO] UtilMem:75 - End LoadConfig() Used Memory: 991879400 Bytes (1073741824)
2026-03-02 00:23:30,853 [WARN] ThirdParty:833 - waiting for thirdparty lock release [change project]
2026-03-02 00:23:30,853 [INFO] ThirdParty:835 - entering critical section [change project]
2026-03-02 00:23:30,853 [INFO] ThirdParty:1030 - CMSIS Pack Vendor :STMicroelectronics X-CUBE-PM33A1 1.0.0
2026-03-02 00:23:30,853 [INFO] ThirdParty:1030 - CMSIS Pack Vendor :STMicroelectronics USBPD 4.1
2026-03-02 00:23:30,861 [INFO] ThirdParty:1030 - CMSIS Pack Vendor :STMicroelectronics USB_HOST 2.0.0
2026-03-02 00:23:30,862 [INFO] ThirdParty:1030 - CMSIS Pack Vendor :STMicroelectronics FP-SNS-MOTENVWB1 1.4.0
2026-03-02 00:23:30,862 [INFO] ThirdParty:1030 - CMSIS Pack Vendor :STMicroelectronics X-CUBE-AZRTOS-F4 1.1.0
2026-03-02 00:23:30,862 [INFO] ThirdParty:1030 - CMSIS Pack Vendor :STMicroelectronics LIBJPEG 8.0.0
2026-03-02 00:23:30,862 [INFO] ThirdParty:1030 - CMSIS Pack Vendor :STMicroelectronics FP-ATR-ASTRA1 2.0.2
2026-03-02 00:23:30,863 [INFO] ThirdParty:1030 - CMSIS Pack Vendor :Avnet-IotConnect X-CUBE-IoTC-DA16k-PMOD 1.0.0
2026-03-02 00:23:30,863 [INFO] ThirdParty:1030 - CMSIS Pack Vendor :STMicroelectronics X-CUBE-SMBUS 2.1.0
2026-03-02 00:23:30,863 [INFO] ThirdParty:1030 - CMSIS Pack Vendor :STMicroelectronics X-CUBE-ISPU 2.1.0
2026-03-02 00:23:30,863 [INFO] ThirdParty:1030 - CMSIS Pack Vendor :STMicroelectronics X-CUBE-IPS 3.2.0
2026-03-02 00:23:30,863 [INFO] ThirdParty:1030 - CMSIS Pack Vendor :STMicroelectronics X-CUBE-ST60 1.0.0
2026-03-02 00:23:30,863 [INFO] ThirdParty:1030 - CMSIS Pack Vendor :STMicroelectronics X-CUBE-NFC12 1.0.0
2026-03-02 00:23:30,863 [INFO] ThirdParty:1030 - CMSIS Pack Vendor :STMicroelectronics X-CUBE-AZRTOS-F7 1.1.0
2026-03-02 00:23:30,863 [INFO] ThirdParty:1030 - CMSIS Pack Vendor :STMicroelectronics X-CUBE-AZRTOS-L5 2.0.0
2026-03-02 00:23:30,863 [INFO] ThirdParty:1030 - CMSIS Pack Vendor :STMicroelectronics USB_DEVICE 2.0.0
2026-03-02 00:23:30,864 [INFO] ThirdParty:1030 - CMSIS Pack Vendor :STMicroelectronics X-CUBE-NFC6 3.1.0
2026-03-02 00:23:30,864 [INFO] ThirdParty:1030 - CMSIS Pack Vendor :Cesanta I-CUBE-Mongoose 7.19.0
2026-03-02 00:23:30,864 [INFO] ThirdParty:1030 - CMSIS Pack Vendor :STMicroelectronics FP-SNS-MOTENV1 5.1.0
2026-03-02 00:23:30,864 [INFO] ThirdParty:1030 - CMSIS Pack Vendor :STMicroelectronics FreeRTOS 0.0.1
2026-03-02 00:23:30,864 [INFO] ThirdParty:1030 - CMSIS Pack Vendor :WES I-CUBE-Cesium 1.4.0
2026-03-02 00:23:30,864 [INFO] ThirdParty:1030 - CMSIS Pack Vendor :Infineon AIROC-Wi-Fi-Bluetooth-STM32 1.7.1
2026-03-02 00:23:30,864 [INFO] ThirdParty:1030 - CMSIS Pack Vendor :STMicroelectronics PDM2PCM 3.3.0
2026-03-02 00:23:30,864 [INFO] ThirdParty:1030 - CMSIS Pack Vendor :STMicroelectronics X-CUBE-AZRTOS-H7 3.4.0
2026-03-02 00:23:30,865 [INFO] ThirdParty:1030 - CMSIS Pack Vendor :STMicroelectronics X-CUBE-DISPLAY 3.0.0
2026-03-02 00:23:30,865 [INFO] ThirdParty:1030 - CMSIS Pack Vendor :STMicroelectronics FP-SNS-MOTENVWB1 1.5.0
2026-03-02 00:23:30,865 [INFO] ThirdParty:1030 - CMSIS Pack Vendor :STMicroelectronics X-CUBE-NFC10 1.0.0
2026-03-02 00:23:30,865 [INFO] ThirdParty:1030 - CMSIS Pack Vendor :STMicroelectronics X-CUBE-FREERTOS 1.3.1
2026-03-02 00:23:30,865 [INFO] ThirdParty:1030 - CMSIS Pack Vendor :STMicroelectronics HAL Drivers 0.0.0
2026-03-02 00:23:30,865 [INFO] ThirdParty:1030 - CMSIS Pack Vendor :STMicroelectronics X-CUBE-ST60 1.1.0
2026-03-02 00:23:30,865 [INFO] ThirdParty:1030 - CMSIS Pack Vendor :emotas I-CUBE-CANOPEN 1.3.0
2026-03-02 00:23:30,865 [INFO] ThirdParty:1030 - CMSIS Pack Vendor :STMicroelectronics MBEDTLS 2.14.1
2026-03-02 00:23:30,866 [INFO] ThirdParty:1030 - CMSIS Pack Vendor :STMicroelectronics X-CUBE-GNSS1 7.1.0
2026-03-02 00:23:30,866 [INFO] ThirdParty:1030 - CMSIS Pack Vendor :STMicroelectronics X-CUBE-TOUCHGFX 4.26.0
2026-03-02 00:23:30,866 [INFO] ThirdParty:1030 - CMSIS Pack Vendor :STMicroelectronics FP-SNS-STBOX1 2.1.0
2026-03-02 00:23:30,866 [INFO] ThirdParty:1030 - CMSIS Pack Vendor :STMicroelectronics FP-SNS-STAIOTCFT 1.0.0
2026-03-02 00:23:30,866 [INFO] ThirdParty:1030 - CMSIS Pack Vendor :STMicroelectronics FP-SNS-SMARTAG2 1.2.0
2026-03-02 00:23:30,866 [INFO] ThirdParty:1030 - CMSIS Pack Vendor :STMicroelectronics FP-SNS-FLIGHT1 5.1.0
2026-03-02 00:23:30,866 [INFO] ThirdParty:1030 - CMSIS Pack Vendor :STMicroelectronics X-CUBE-AZRTOS-WL 2.0.0
2026-03-02 00:23:30,867 [INFO] ThirdParty:1030 - CMSIS Pack Vendor :STMicroelectronics X-CUBE-DPower 1.3.0
2026-03-02 00:23:30,867 [INFO] ThirdParty:1030 - CMSIS Pack Vendor :STMicroelectronics FP-SNS-MOTENV1 5.0.0
2026-03-02 00:23:30,867 [INFO] ThirdParty:1030 - CMSIS Pack Vendor :STMicroelectronics USB_DEVICE 1.0.0
2026-03-02 00:23:30,867 [INFO] ThirdParty:1030 - CMSIS Pack Vendor :STMicroelectronics X-CUBE-AZRTOS-H7RS 1.2.0
2026-03-02 00:23:30,867 [INFO] ThirdParty:1030 - CMSIS Pack Vendor :STMicroelectronics X-CUBE-AZRTOS-L4 2.0.0
2026-03-02 00:23:30,867 [INFO] ThirdParty:1030 - CMSIS Pack Vendor :STMicroelectronics ThreadX 0.0.2
2026-03-02 00:23:30,867 [INFO] ThirdParty:1030 - CMSIS Pack Vendor :STMicroelectronics lwIP 2.1.2
2026-03-02 00:23:30,867 [INFO] ThirdParty:1030 - CMSIS Pack Vendor :STMicroelectronics X-CUBE-SFXS2LP1 4.0.0
2026-03-02 00:23:30,867 [INFO] ThirdParty:1030 - CMSIS Pack Vendor :STMicroelectronics X-CUBE-BLE2 3.3.0
2026-03-02 00:23:30,868 [INFO] ThirdParty:1030 - CMSIS Pack Vendor :Avnet-IOTCONNECT X-CUBE-iotc-st67-sdk 1.0.0
2026-03-02 00:23:30,868 [INFO] ThirdParty:1030 - CMSIS Pack Vendor :STMicroelectronics PDM2PCM 3.2.0
2026-03-02 00:23:30,868 [INFO] ThirdParty:1030 - CMSIS Pack Vendor :STMicroelectronics X-CUBE-ST67W61 1.2.0
2026-03-02 00:23:30,868 [INFO] ThirdParty:1030 - CMSIS Pack Vendor :STMicroelectronics X-CUBE-NFC9 1.0.0
2026-03-02 00:23:30,868 [INFO] ThirdParty:1030 - CMSIS Pack Vendor :wolfSSL I-CUBE-wolfSSL 5.8.2
2026-03-02 00:23:30,868 [INFO] ThirdParty:1030 - CMSIS Pack Vendor :STMicroelectronics X-CUBE-BLE1 7.1.0
2026-03-02 00:23:30,868 [INFO] ThirdParty:1030 - CMSIS Pack Vendor :wolfSSL I-CUBE-wolfMQTT 1.19.2
2026-03-02 00:23:30,868 [INFO] ThirdParty:1030 - CMSIS Pack Vendor :STMicroelectronics USB_DEVICE 3.0.0
2026-03-02 00:23:30,869 [INFO] ThirdParty:1030 - CMSIS Pack Vendor :STMicroelectronics X-CUBE-FREERTOS 1.4.0
2026-03-02 00:23:30,869 [INFO] ThirdParty:1030 - CMSIS Pack Vendor :STMicroelectronics X-CUBE-EEPRMA1 5.2.0
2026-03-02 00:23:30,869 [INFO] ThirdParty:1030 - CMSIS Pack Vendor :STMicroelectronics X-CUBE-BLEMGR 4.1.0
2026-03-02 00:23:30,869 [INFO] ThirdParty:1030 - CMSIS Pack Vendor :STMicroelectronics X-CUBE-AZRTOS-WB 2.0.0
2026-03-02 00:23:30,869 [INFO] ThirdParty:1030 - CMSIS Pack Vendor :STMicroelectronics X-CUBE-GNSS1 7.0.1
2026-03-02 00:23:30,869 [INFO] ThirdParty:1030 - CMSIS Pack Vendor :STMicroelectronics X-CUBE-TOUCHGFX 4.25.0
2026-03-02 00:23:30,869 [INFO] ThirdParty:1030 - CMSIS Pack Vendor :STMicroelectronics X-CUBE-ST67W61 1.1.0
2026-03-02 00:23:30,869 [INFO] ThirdParty:1030 - CMSIS Pack Vendor :quantropi X-CUBE-qispace-sdk-base 2.1.0
2026-03-02 00:23:30,869 [INFO] ThirdParty:1030 - CMSIS Pack Vendor :STMicroelectronics X-CUBE-MEMS1 12.0.0
2026-03-02 00:23:30,869 [INFO] ThirdParty:1030 - CMSIS Pack Vendor :STMicroelectronics X-CUBE-STSE01 2.0.0
2026-03-02 00:23:30,870 [INFO] ThirdParty:1030 - CMSIS Pack Vendor :STMicroelectronics X-CUBE-AZRTOS-G0 1.1.0
2026-03-02 00:23:30,870 [INFO] ThirdParty:1030 - CMSIS Pack Vendor :STMicroelectronics X-CUBE-SAFEA1 1.2.2
2026-03-02 00:23:30,870 [INFO] ThirdParty:1030 - CMSIS Pack Vendor :STMicroelectronics X-CUBE-NFC4 3.0.0
2026-03-02 00:23:30,870 [INFO] ThirdParty:1030 - CMSIS Pack Vendor :STMicroelectronics X-CUBE-SUBG2 5.0.0
2026-03-02 00:23:30,870 [INFO] ThirdParty:1030 - CMSIS Pack Vendor :STMicroelectronics X-CUBE-AZRTOS-H7RS 1.1.0
2026-03-02 00:23:30,870 [INFO] ThirdParty:1030 - CMSIS Pack Vendor :STMicroelectronics STM32_WPAN 1.0.0
2026-03-02 00:23:30,870 [INFO] ThirdParty:1030 - CMSIS Pack Vendor :EmbeddedOffice I-CUBE-FS-RTOS 1.0.1
2026-03-02 00:23:30,870 [INFO] ThirdParty:1030 - CMSIS Pack Vendor :STMicroelectronics lwIP 2.0.3
2026-03-02 00:23:30,870 [INFO] ThirdParty:1030 - CMSIS Pack Vendor :STMicroelectronics USB_HOST 1.0.0
2026-03-02 00:23:30,871 [INFO] ThirdParty:1030 - CMSIS Pack Vendor :STMicroelectronics X-CUBE-AZRTOS-G4 2.0.0
2026-03-02 00:23:30,871 [INFO] ThirdParty:1030 - CMSIS Pack Vendor :STMicroelectronics X-CUBE-WB05N 2.0.0
2026-03-02 00:23:30,871 [INFO] ThirdParty:1030 - CMSIS Pack Vendor :STMicroelectronics PDM2PCM 3.1.0
2026-03-02 00:23:30,871 [INFO] ThirdParty:1030 - CMSIS Pack Vendor :wolfSSL I-CUBE-wolfTPM 3.8.0
2026-03-02 00:23:30,872 [INFO] ThirdParty:1030 - CMSIS Pack Vendor :wolfSSL I-CUBE-wolfSSH 1.4.20
2026-03-02 00:23:30,872 [INFO] ThirdParty:1030 - CMSIS Pack Vendor :STMicroelectronics X-CUBE-NFC7 2.0.0
2026-03-02 00:23:30,874 [INFO] ThirdParty:1030 - CMSIS Pack Vendor :STMicroelectronics X-CUBE-TCPP 4.2.0
2026-03-02 00:23:30,874 [INFO] ThirdParty:1030 - CMSIS Pack Vendor :RealThread X-CUBE-RT-Thread_Nano 4.1.1
2026-03-02 00:23:30,874 [INFO] ThirdParty:1030 - CMSIS Pack Vendor :STMicroelectronics FP-ATR-SIGFOX1 3.2.0
2026-03-02 00:23:30,874 [INFO] ThirdParty:1030 - CMSIS Pack Vendor :STMicroelectronics MBEDTLS 2.16.2
2026-03-02 00:23:30,874 [INFO] ThirdParty:1030 - CMSIS Pack Vendor :STMicroelectronics X-CUBE-IPS 3.1.0
2026-03-02 00:23:30,874 [INFO] ThirdParty:1030 - CMSIS Pack Vendor :STMicroelectronics X-CUBE-ALS 1.0.2
2026-03-02 00:23:30,874 [INFO] ThirdParty:1030 - CMSIS Pack Vendor :ITTIA_DB I-CUBE-ITTIADB 8.9.0
2026-03-02 00:23:30,874 [INFO] ThirdParty:1030 - CMSIS Pack Vendor :STMicroelectronics X-CUBE-STSE01 1.0.0
2026-03-02 00:23:30,874 [INFO] ThirdParty:1030 - CMSIS Pack Vendor :STMicroelectronics X-CUBE-NFC6 3.2.0
2026-03-02 00:23:30,875 [INFO] ThirdParty:1030 - CMSIS Pack Vendor :STMicroelectronics X-CUBE-ST67W61 1.0.0
2026-03-02 00:23:30,875 [INFO] ThirdParty:1030 - CMSIS Pack Vendor :STMicroelectronics X-CUBE-AI 10.2.0
2026-03-02 00:23:30,875 [INFO] ThirdParty:1030 - CMSIS Pack Vendor :STMicroelectronics ThreadX 1.0.0
2026-03-02 00:23:30,875 [INFO] ThirdParty:1030 - CMSIS Pack Vendor :SEGGER I-CUBE-embOS 1.3.1
2026-03-02 00:23:30,875 [INFO] ThirdParty:1030 - CMSIS Pack Vendor :STMicroelectronics X-CUBE-ALGOBUILD 1.4.0
2026-03-02 00:23:30,875 [INFO] ThirdParty:1030 - CMSIS Pack Vendor :STMicroelectronics X-CUBE-MEMS1 11.3.0
2026-03-02 00:23:30,875 [INFO] ThirdParty:1030 - CMSIS Pack Vendor :STMicroelectronics X-CUBE-TOF1 3.4.3
2026-03-02 00:23:30,875 [INFO] ThirdParty:841 - exiting critical section [change project]
2026-03-02 00:23:31,610 [INFO] PinOutPanel:1589 - setPackage(No Configuration,No Configuration)
2026-03-02 00:23:31,612 [INFO] PinOutPanel:1589 - setPackage(STM32F401RETx,LQFP64)
2026-03-02 00:23:32,568 [INFO] UtilMem:75 - Before build in PCC Used Memory: 879507384 Bytes (1073741824)
2026-03-02 00:23:33,189 [INFO] UtilMem:75 - After build in PCC Used Memory: 927219640 Bytes (1073741824)
2026-03-02 00:23:33,239 [INFO] IPUIPlugin:80 - create IPUIPlugin
2026-03-02 00:23:33,240 [INFO] IPUIPlugin:80 - create IPUIPlugin
2026-03-02 00:23:33,240 [INFO] IPUIPlugin:80 - create IPUIPlugin
2026-03-02 00:23:33,240 [INFO] IPUIPlugin:80 - create IPUIPlugin
2026-03-02 00:23:33,240 [INFO] IPUIPlugin:80 - create IPUIPlugin
2026-03-02 00:23:33,241 [INFO] IPUIPlugin:80 - create IPUIPlugin
2026-03-02 00:23:33,241 [INFO] IPUIPlugin:80 - create IPUIPlugin
2026-03-02 00:23:33,241 [INFO] IPUIPlugin:80 - create IPUIPlugin
2026-03-02 00:23:33,241 [INFO] IPUIPlugin:80 - create IPUIPlugin
2026-03-02 00:23:33,242 [INFO] IPUIPlugin:80 - create IPUIPlugin
2026-03-02 00:23:33,242 [INFO] IPUIPlugin:80 - create IPUIPlugin
2026-03-02 00:23:33,242 [INFO] IPUIPlugin:80 - create IPUIPlugin
2026-03-02 00:23:33,242 [INFO] IPUIPlugin:80 - create IPUIPlugin
2026-03-02 00:23:33,243 [INFO] IPUIPlugin:80 - create IPUIPlugin
2026-03-02 00:23:33,243 [INFO] IPUIPlugin:80 - create IPUIPlugin
2026-03-02 00:23:33,243 [INFO] IPUIPlugin:80 - create IPUIPlugin
2026-03-02 00:23:33,244 [INFO] IPUIPlugin:80 - create IPUIPlugin
2026-03-02 00:23:33,244 [INFO] IPUIPlugin:80 - create IPUIPlugin
2026-03-02 00:23:33,244 [INFO] IPUIPlugin:80 - create IPUIPlugin
2026-03-02 00:23:33,245 [INFO] IPUIPlugin:80 - create IPUIPlugin
2026-03-02 00:23:33,245 [INFO] IPUIPlugin:80 - create IPUIPlugin
2026-03-02 00:23:33,245 [INFO] IPUIPlugin:80 - create IPUIPlugin
2026-03-02 00:23:33,246 [INFO] IPUIPlugin:80 - create IPUIPlugin
2026-03-02 00:23:33,246 [INFO] IPUIPlugin:80 - create IPUIPlugin
2026-03-02 00:23:33,247 [INFO] IPUIPlugin:80 - create IPUIPlugin
2026-03-02 00:23:33,247 [INFO] IPUIPlugin:80 - create IPUIPlugin
2026-03-02 00:23:33,248 [INFO] IPUIPlugin:80 - create IPUIPlugin
2026-03-02 00:23:33,248 [INFO] IPUIPlugin:80 - create IPUIPlugin
2026-03-02 00:23:33,248 [INFO] IPUIPlugin:80 - create IPUIPlugin
2026-03-02 00:23:33,249 [INFO] IPUIPlugin:80 - create IPUIPlugin
2026-03-02 00:23:33,249 [INFO] IPUIPlugin:80 - create IPUIPlugin
2026-03-02 00:23:33,250 [INFO] IPUIPlugin:80 - create IPUIPlugin
2026-03-02 00:23:33,250 [INFO] IPUIPlugin:80 - create IPUIPlugin
2026-03-02 00:23:33,251 [INFO] IPUIPlugin:80 - create IPUIPlugin
2026-03-02 00:23:33,251 [INFO] IPUIPlugin:80 - create IPUIPlugin
2026-03-02 00:23:33,252 [INFO] IPUIPlugin:80 - create IPUIPlugin
2026-03-02 00:23:33,252 [INFO] IPUIPlugin:80 - create IPUIPlugin
2026-03-02 00:23:33,252 [INFO] IPUIPlugin:80 - create IPUIPlugin
2026-03-02 00:23:33,257 [INFO] ApiDbMcu:532 - Load IP Config File for PDM2PCM
2026-03-02 00:23:33,368 [INFO] CADModel:165 - CPN selected for project levelSTM32F401RET6
2026-03-02 00:23:33,368 [INFO] CADModel:114 - Register for checkConnection events
2026-03-02 00:23:33,469 [INFO] OpenFileManager:386 - Restore cursor
2026-03-02 00:23:59,939 [WARN] IP:2250 - I2C_Coeff_DF not found: check if there is a RefParameter without a condition.
2026-03-02 00:23:59,939 [WARN] IP:2250 - Analog_Filter not found: check if there is a RefParameter without a condition.
2026-03-02 00:23:59,979 [WARN] IP:2250 - I2C_Coeff_DF not found: check if there is a RefParameter without a condition.
2026-03-02 00:23:59,979 [WARN] IP:2250 - Analog_Filter not found: check if there is a RefParameter without a condition.
2026-03-02 00:23:59,979 [WARN] IP:2250 - I2C_Coeff_DF not found: check if there is a RefParameter without a condition.
2026-03-02 00:23:59,979 [WARN] IP:2250 - Analog_Filter not found: check if there is a RefParameter without a condition.
2026-03-02 00:24:00,089 [WARN] IP:2250 - I2C_Coeff_DF not found: check if there is a RefParameter without a condition.
2026-03-02 00:24:00,089 [WARN] IP:2250 - Analog_Filter not found: check if there is a RefParameter without a condition.
2026-03-02 00:24:00,089 [WARN] IP:2250 - I2C_Coeff_DF not found: check if there is a RefParameter without a condition.
2026-03-02 00:24:00,089 [WARN] IP:2250 - Analog_Filter not found: check if there is a RefParameter without a condition.
2026-03-02 00:24:09,874 [WARN] IP:2250 - I2C_Coeff_DF not found: check if there is a RefParameter without a condition.
2026-03-02 00:24:09,874 [WARN] IP:2250 - Analog_Filter not found: check if there is a RefParameter without a condition.
2026-03-02 00:24:09,875 [WARN] IP:2250 - I2C_Coeff_DF not found: check if there is a RefParameter without a condition.
2026-03-02 00:24:09,875 [WARN] IP:2250 - Analog_Filter not found: check if there is a RefParameter without a condition.
2026-03-02 00:24:13,720 [WARN] IP:2250 - I2C_Coeff_DF not found: check if there is a RefParameter without a condition.
2026-03-02 00:24:13,720 [WARN] IP:2250 - Analog_Filter not found: check if there is a RefParameter without a condition.
2026-03-02 00:24:13,720 [WARN] IP:2250 - I2C_Coeff_DF not found: check if there is a RefParameter without a condition.
2026-03-02 00:24:13,720 [WARN] IP:2250 - Analog_Filter not found: check if there is a RefParameter without a condition.
2026-03-02 00:24:13,771 [INFO] NvicIntPanel:101 - NVIC parent = com.st.microxplorer.plugins.ip.nvic.MultiNvicIntPanel[,0,0,0x0,invalid,layout=javax.swing.BoxLayout,alignmentX=0.0,alignmentY=0.0,border=,flags=9,maximumSize=,minimumSize=,preferredSize=]
2026-03-02 00:24:19,269 [INFO] NvicIntPanel:101 - NVIC parent = com.st.microxplorer.plugins.ip.nvic.MultiNvicIntPanel[,0,0,0x0,invalid,layout=javax.swing.BoxLayout,alignmentX=0.0,alignmentY=0.0,border=,flags=9,maximumSize=,minimumSize=,preferredSize=]
2026-03-02 00:24:20,163 [INFO] NvicIntPanel:101 - NVIC parent = com.st.microxplorer.plugins.ip.nvic.MultiNvicIntPanel[,0,0,0x0,invalid,layout=javax.swing.BoxLayout,alignmentX=0.0,alignmentY=0.0,border=,flags=9,maximumSize=,minimumSize=,preferredSize=]
2026-03-02 00:24:21,160 [WARN] IP:2250 - I2C_Coeff_DF not found: check if there is a RefParameter without a condition.
2026-03-02 00:24:21,160 [WARN] IP:2250 - Analog_Filter not found: check if there is a RefParameter without a condition.
2026-03-02 00:24:21,168 [WARN] IP:2250 - I2C_Coeff_DF not found: check if there is a RefParameter without a condition.
2026-03-02 00:24:21,168 [WARN] IP:2250 - Analog_Filter not found: check if there is a RefParameter without a condition.
2026-03-02 00:24:21,172 [WARN] IP:2250 - I2C_Coeff_DF not found: check if there is a RefParameter without a condition.
2026-03-02 00:24:21,172 [WARN] IP:2250 - Analog_Filter not found: check if there is a RefParameter without a condition.
2026-03-02 00:24:21,179 [WARN] IP:2250 - I2C_Coeff_DF not found: check if there is a RefParameter without a condition.
2026-03-02 00:24:21,179 [WARN] IP:2250 - Analog_Filter not found: check if there is a RefParameter without a condition.
2026-03-02 00:24:28,901 [INFO] NvicIntPanel:101 - NVIC parent = com.st.microxplorer.plugins.ip.nvic.MultiNvicIntPanel[,0,0,0x0,invalid,layout=javax.swing.BoxLayout,alignmentX=0.0,alignmentY=0.0,border=,flags=9,maximumSize=,minimumSize=,preferredSize=]
2026-03-02 00:24:37,181 [WARN] IP:2250 - I2C_Coeff_DF not found: check if there is a RefParameter without a condition.
2026-03-02 00:24:37,181 [WARN] IP:2250 - Analog_Filter not found: check if there is a RefParameter without a condition.
2026-03-02 00:24:37,181 [WARN] IP:2250 - I2C_Coeff_DF not found: check if there is a RefParameter without a condition.
2026-03-02 00:24:37,181 [WARN] IP:2250 - Analog_Filter not found: check if there is a RefParameter without a condition.
2026-03-02 00:24:37,215 [INFO] NvicIntPanel:101 - NVIC parent = com.st.microxplorer.plugins.ip.nvic.MultiNvicIntPanel[,0,0,0x0,invalid,layout=javax.swing.BoxLayout,alignmentX=0.0,alignmentY=0.0,border=,flags=9,maximumSize=,minimumSize=,preferredSize=]
2026-03-02 00:24:40,177 [WARN] IP:2250 - I2C_Coeff_DF not found: check if there is a RefParameter without a condition.
2026-03-02 00:24:40,178 [WARN] IP:2250 - Analog_Filter not found: check if there is a RefParameter without a condition.
2026-03-02 00:24:40,178 [WARN] IP:2250 - I2C_Coeff_DF not found: check if there is a RefParameter without a condition.
2026-03-02 00:24:40,178 [WARN] IP:2250 - Analog_Filter not found: check if there is a RefParameter without a condition.
2026-03-02 00:24:40,208 [INFO] NvicIntPanel:101 - NVIC parent = com.st.microxplorer.plugins.ip.nvic.MultiNvicIntPanel[,0,0,0x0,invalid,layout=javax.swing.BoxLayout,alignmentX=0.0,alignmentY=0.0,border=,flags=9,maximumSize=,minimumSize=,preferredSize=]
2026-03-02 00:24:45,316 [WARN] IP:2250 - I2C_Coeff_DF not found: check if there is a RefParameter without a condition.
2026-03-02 00:24:45,316 [WARN] IP:2250 - Analog_Filter not found: check if there is a RefParameter without a condition.
2026-03-02 00:24:45,316 [WARN] IP:2250 - I2C_Coeff_DF not found: check if there is a RefParameter without a condition.
2026-03-02 00:24:45,316 [WARN] IP:2250 - Analog_Filter not found: check if there is a RefParameter without a condition.
2026-03-02 00:24:49,350 [WARN] IP:2250 - I2C_Coeff_DF not found: check if there is a RefParameter without a condition.
2026-03-02 00:24:49,350 [WARN] IP:2250 - Analog_Filter not found: check if there is a RefParameter without a condition.
2026-03-02 00:24:52,240 [INFO] NvicIntPanel:101 - NVIC parent = com.st.microxplorer.plugins.ip.nvic.MultiNvicIntPanel[,0,0,450x320,layout=javax.swing.BoxLayout,alignmentX=0.0,alignmentY=0.0,border=,flags=9,maximumSize=,minimumSize=,preferredSize=]
2026-03-02 00:24:55,753 [INFO] NvicIntPanel:101 - NVIC parent = com.st.microxplorer.plugins.ip.nvic.MultiNvicIntPanel[,0,0,450x320,layout=javax.swing.BoxLayout,alignmentX=0.0,alignmentY=0.0,border=,flags=9,maximumSize=,minimumSize=,preferredSize=]
2026-03-02 00:24:56,545 [INFO] NvicIntPanel:101 - NVIC parent = com.st.microxplorer.plugins.ip.nvic.MultiNvicIntPanel[,0,0,0x0,invalid,layout=javax.swing.BoxLayout,alignmentX=0.0,alignmentY=0.0,border=,flags=9,maximumSize=,minimumSize=,preferredSize=]
2026-03-02 00:29:32,946 [INFO] NvicIntPanel:101 - NVIC parent = com.st.microxplorer.plugins.ip.nvic.MultiNvicIntPanel[,0,0,0x0,invalid,layout=javax.swing.BoxLayout,alignmentX=0.0,alignmentY=0.0,border=,flags=9,maximumSize=,minimumSize=,preferredSize=]
2026-03-02 00:30:35,284 [INFO] NvicIntPanel:101 - NVIC parent = com.st.microxplorer.plugins.ip.nvic.MultiNvicIntPanel[,0,0,450x81,layout=javax.swing.BoxLayout,alignmentX=0.0,alignmentY=0.0,border=,flags=9,maximumSize=,minimumSize=,preferredSize=]
2026-03-02 00:30:36,336 [INFO] NvicIntPanel:101 - NVIC parent = com.st.microxplorer.plugins.ip.nvic.MultiNvicIntPanel[,0,0,0x0,invalid,layout=javax.swing.BoxLayout,alignmentX=0.0,alignmentY=0.0,border=,flags=9,maximumSize=,minimumSize=,preferredSize=]
2026-03-02 00:30:39,454 [WARN] IP:2250 - I2C_Coeff_DF not found: check if there is a RefParameter without a condition.
2026-03-02 00:30:39,454 [WARN] IP:2250 - Analog_Filter not found: check if there is a RefParameter without a condition.
2026-03-02 00:30:39,454 [WARN] IP:2250 - I2C_Coeff_DF not found: check if there is a RefParameter without a condition.
2026-03-02 00:30:39,454 [WARN] IP:2250 - Analog_Filter not found: check if there is a RefParameter without a condition.
2026-03-02 00:30:39,487 [INFO] NvicIntPanel:101 - NVIC parent = com.st.microxplorer.plugins.ip.nvic.MultiNvicIntPanel[,0,0,0x0,invalid,layout=javax.swing.BoxLayout,alignmentX=0.0,alignmentY=0.0,border=,flags=9,maximumSize=,minimumSize=,preferredSize=]
2026-03-02 00:30:46,846 [INFO] NvicIntPanel:101 - NVIC parent = com.st.microxplorer.plugins.ip.nvic.MultiNvicIntPanel[,0,0,0x0,invalid,layout=javax.swing.BoxLayout,alignmentX=0.0,alignmentY=0.0,border=,flags=9,maximumSize=,minimumSize=,preferredSize=]
2026-03-02 00:31:03,629 [INFO] UtilMem:75 - End SaveConfig() Used Memory: 955811792 Bytes (1073741824)
2026-03-02 00:31:04,489 [INFO] UtilMem:75 - End SaveConfig() Used Memory: 980451280 Bytes (1073741824)
2026-03-02 00:31:06,248 [INFO] UtilMem:75 - End SaveConfig() Used Memory: 883866624 Bytes (1073741824)
2026-03-02 00:31:08,472 [INFO] BlockDiagram:2775 - set Specific Code input for plugin: NVIC
2026-03-02 00:31:08,472 [INFO] BlockDiagram:2775 - set Specific Code input for plugin: USART
2026-03-02 00:31:08,472 [INFO] BlockDiagram:2775 - set Specific Code input for plugin: DMA
2026-03-02 00:31:08,472 [INFO] BlockDiagram:2775 - set Specific Code input for plugin: TIM1_8
2026-03-02 00:31:08,472 [INFO] BlockDiagram:2775 - set Specific Code input for plugin: TIM1_8
2026-03-02 00:31:08,472 [INFO] BlockDiagram:2775 - set Specific Code input for plugin: SYS
2026-03-02 00:31:08,472 [INFO] BlockDiagram:2775 - set Specific Code input for plugin: GPIO
2026-03-02 00:31:08,472 [INFO] BlockDiagram:2775 - set Specific Code input for plugin: RCC
2026-03-02 00:31:08,473 [INFO] BlockDiagram:2775 - set Specific Code input for plugin: I2C
2026-03-02 00:31:08,474 [INFO] CodeGenerator:892 - code generatio: config db path: C:\ST\STM32CubeIDE_1.19.0\STM32CubeIDE\plugins\com.st.stm32cube.common.mx_6.15.0.202507011659\\db\
2026-03-02 00:31:08,476 [WARN] IP:2250 - I2C_Coeff_DF not found: check if there is a RefParameter without a condition.
2026-03-02 00:31:08,476 [WARN] IP:2250 - Analog_Filter not found: check if there is a RefParameter without a condition.
2026-03-02 00:31:08,499 [INFO] Argument:325 - Argument : hdmavalue: null
2026-03-02 00:31:08,499 [INFO] Argument:327 - 	 sub Args: 
2026-03-02 00:31:08,500 [INFO] Argument:325 - Argument : Instancevalue: DMA1_Stream6
2026-03-02 00:31:08,500 [INFO] Argument:335 - Argument : Instancevalue: DMA1_Stream6
2026-03-02 00:31:08,500 [INFO] Argument:325 - Argument : Initvalue: null
2026-03-02 00:31:08,500 [INFO] Argument:327 - 	 sub Args: 
2026-03-02 00:31:08,500 [INFO] Argument:325 - Argument : Channelvalue: DMA_CHANNEL_4
2026-03-02 00:31:08,500 [INFO] Argument:335 - Argument : Channelvalue: DMA_CHANNEL_4
2026-03-02 00:31:08,500 [INFO] Argument:325 - Argument : Directionvalue: DMA_MEMORY_TO_PERIPH
2026-03-02 00:31:08,500 [INFO] Argument:335 - Argument : Directionvalue: DMA_MEMORY_TO_PERIPH
2026-03-02 00:31:08,500 [INFO] Argument:325 - Argument : PeriphIncvalue: DMA_PINC_DISABLE
2026-03-02 00:31:08,500 [INFO] Argument:335 - Argument : PeriphIncvalue: DMA_PINC_DISABLE
2026-03-02 00:31:08,500 [INFO] Argument:325 - Argument : MemIncvalue: DMA_MINC_ENABLE
2026-03-02 00:31:08,500 [INFO] Argument:335 - Argument : MemIncvalue: DMA_MINC_ENABLE
2026-03-02 00:31:08,500 [INFO] Argument:325 - Argument : PeriphDataAlignmentvalue: DMA_PDATAALIGN_BYTE
2026-03-02 00:31:08,500 [INFO] Argument:335 - Argument : PeriphDataAlignmentvalue: DMA_PDATAALIGN_BYTE
2026-03-02 00:31:08,500 [INFO] Argument:325 - Argument : MemDataAlignmentvalue: DMA_MDATAALIGN_BYTE
2026-03-02 00:31:08,500 [INFO] Argument:335 - Argument : MemDataAlignmentvalue: DMA_MDATAALIGN_BYTE
2026-03-02 00:31:08,500 [INFO] Argument:325 - Argument : Modevalue: DMA_NORMAL
2026-03-02 00:31:08,500 [INFO] Argument:335 - Argument : Modevalue: DMA_NORMAL
2026-03-02 00:31:08,500 [INFO] Argument:325 - Argument : Priorityvalue: DMA_PRIORITY_LOW
2026-03-02 00:31:08,500 [INFO] Argument:335 - Argument : Priorityvalue: DMA_PRIORITY_LOW
2026-03-02 00:31:08,500 [INFO] Argument:325 - Argument : FIFOModevalue: DMA_FIFOMODE_DISABLE
2026-03-02 00:31:08,500 [INFO] Argument:335 - Argument : FIFOModevalue: DMA_FIFOMODE_DISABLE
2026-03-02 00:31:08,500 [INFO] Argument:325 - Argument : FIFOThresholdvalue: null
2026-03-02 00:31:08,500 [INFO] Argument:335 - Argument : FIFOThresholdvalue: null
2026-03-02 00:31:08,500 [INFO] Argument:325 - Argument : MemBurstvalue: null
2026-03-02 00:31:08,500 [INFO] Argument:335 - Argument : MemBurstvalue: null
2026-03-02 00:31:08,500 [INFO] Argument:325 - Argument : PeriphBurstvalue: null
2026-03-02 00:31:08,500 [INFO] Argument:335 - Argument : PeriphBurstvalue: null
2026-03-02 00:31:08,500 [INFO] Argument:325 - Argument : Lockvalue: null
2026-03-02 00:31:08,500 [INFO] Argument:335 - Argument : Lockvalue: null
2026-03-02 00:31:08,500 [INFO] Argument:325 - Argument : Statevalue: null
2026-03-02 00:31:08,500 [INFO] Argument:335 - Argument : Statevalue: null
2026-03-02 00:31:08,500 [INFO] Argument:325 - Argument : Parentvalue: null
2026-03-02 00:31:08,500 [INFO] Argument:335 - Argument : Parentvalue: null
2026-03-02 00:31:08,501 [INFO] Argument:325 - Argument : XferCpltCallbackvalue: null
2026-03-02 00:31:08,501 [INFO] Argument:335 - Argument : XferCpltCallbackvalue: null
2026-03-02 00:31:08,501 [INFO] Argument:325 - Argument : XferHalfCpltCallbackvalue: null
2026-03-02 00:31:08,501 [INFO] Argument:335 - Argument : XferHalfCpltCallbackvalue: null
2026-03-02 00:31:08,501 [INFO] Argument:325 - Argument : XferM1CpltCallbackvalue: null
2026-03-02 00:31:08,501 [INFO] Argument:335 - Argument : XferM1CpltCallbackvalue: null
2026-03-02 00:31:08,501 [INFO] Argument:325 - Argument : XferErrorCallbackvalue: null
2026-03-02 00:31:08,501 [INFO] Argument:335 - Argument : XferErrorCallbackvalue: null
2026-03-02 00:31:08,501 [INFO] Argument:325 - Argument : ErrorCodevalue: null
2026-03-02 00:31:08,501 [INFO] Argument:335 - Argument : ErrorCodevalue: null
2026-03-02 00:31:09,461 [INFO] CodeEngine:265 - oldGeneratedFile, C:\Users\MMK\STM32CubeIDE\workspace_1.19.0\SensorSystemsLabs\IMU2IR2LCD\MXTmpFiles\license.tmp_save
2026-03-02 00:31:09,836 [INFO] CodeEngine:289 - Generated code: C:\Users\MMK\STM32CubeIDE\workspace_1.19.0\SensorSystemsLabs\IMU2IR2LCD\MXTmpFiles\license.tmp
2026-03-02 00:31:09,959 [INFO] CodeEngine:265 - oldGeneratedFile, C:\Users\MMK\STM32CubeIDE\workspace_1.19.0\SensorSystemsLabs\IMU2IR2LCD\MXTmpFiles\gpio.tmp_save
2026-03-02 00:31:10,195 [INFO] CodeEngine:289 - Generated code: C:\Users\MMK\STM32CubeIDE\workspace_1.19.0\SensorSystemsLabs\IMU2IR2LCD\MXTmpFiles\gpio.tmp
2026-03-02 00:31:11,053 [INFO] CodeEngine:265 - oldGeneratedFile, C:\Users\MMK\STM32CubeIDE\workspace_1.19.0\SensorSystemsLabs\IMU2IR2LCD\MXTmpFiles\dma.tmp_save
2026-03-02 00:31:11,270 [INFO] CodeEngine:289 - Generated code: C:\Users\MMK\STM32CubeIDE\workspace_1.19.0\SensorSystemsLabs\IMU2IR2LCD\MXTmpFiles\dma.tmp
2026-03-02 00:31:11,283 [INFO] CodeEngine:265 - oldGeneratedFile, C:\Users\MMK\STM32CubeIDE\workspace_1.19.0\SensorSystemsLabs\IMU2IR2LCD\MXTmpFiles\dma_GV.tmp_save
2026-03-02 00:31:11,459 [INFO] CodeEngine:289 - Generated code: C:\Users\MMK\STM32CubeIDE\workspace_1.19.0\SensorSystemsLabs\IMU2IR2LCD\MXTmpFiles\dma_GV.tmp
2026-03-02 00:31:11,488 [INFO] CodeEngine:265 - oldGeneratedFile, C:\Users\MMK\STM32CubeIDE\workspace_1.19.0\SensorSystemsLabs\IMU2IR2LCD\Core\Src\stm32f4xx_it.c_save
2026-03-02 00:31:12,248 [INFO] CodeEngine:289 - Generated code: C:\Users\MMK\STM32CubeIDE\workspace_1.19.0\SensorSystemsLabs\IMU2IR2LCD\Core\Src\stm32f4xx_it.c
2026-03-02 00:31:12,261 [INFO] CodeEngine:265 - oldGeneratedFile, C:\Users\MMK\STM32CubeIDE\workspace_1.19.0\SensorSystemsLabs\IMU2IR2LCD\Core\Inc\stm32f4xx_it.h_save
2026-03-02 00:31:12,447 [INFO] CodeEngine:289 - Generated code: C:\Users\MMK\STM32CubeIDE\workspace_1.19.0\SensorSystemsLabs\IMU2IR2LCD\Core\Inc\stm32f4xx_it.h
2026-03-02 00:31:12,492 [INFO] CodeEngine:265 - oldGeneratedFile, C:\Users\MMK\STM32CubeIDE\workspace_1.19.0\SensorSystemsLabs\IMU2IR2LCD\Core\Src\stm32f4xx_hal_msp.c_save
2026-03-02 00:31:12,886 [INFO] CodeEngine:289 - Generated code: C:\Users\MMK\STM32CubeIDE\workspace_1.19.0\SensorSystemsLabs\IMU2IR2LCD\Core\Src\stm32f4xx_hal_msp.c
2026-03-02 00:31:12,898 [INFO] CodeEngine:265 - oldGeneratedFile, C:\Users\MMK\STM32CubeIDE\workspace_1.19.0\SensorSystemsLabs\IMU2IR2LCD\MXTmpFiles\system.tmp_save
2026-03-02 00:31:13,063 [INFO] CodeEngine:289 - Generated code: C:\Users\MMK\STM32CubeIDE\workspace_1.19.0\SensorSystemsLabs\IMU2IR2LCD\MXTmpFiles\system.tmp
2026-03-02 00:31:13,080 [INFO] CodeEngine:321 - oldGeneratedFile, C:\Users\MMK\STM32CubeIDE\workspace_1.19.0\SensorSystemsLabs\IMU2IR2LCD\Core\Inc\stm32f4xx_hal_conf.h_save
2026-03-02 00:31:13,266 [INFO] CodeEngine:345 - Generated code: C:\Users\MMK\STM32CubeIDE\workspace_1.19.0\SensorSystemsLabs\IMU2IR2LCD\Core\Inc\stm32f4xx_hal_conf.h
2026-03-02 00:31:13,324 [INFO] ApiDbMcu:532 - Load IP Config File for I2C1
2026-03-02 00:31:13,361 [INFO] ApiDbMcu:532 - Load IP Config File for TIM2
2026-03-02 00:31:13,398 [INFO] ApiDbMcu:532 - Load IP Config File for TIM3
2026-03-02 00:31:13,405 [INFO] ApiDbMcu:532 - Load IP Config File for USART2
2026-03-02 00:31:13,418 [INFO] ApiDbMcu:532 - Load IP Config File for RCC
2026-03-02 00:31:13,421 [WARN] IPConfigManager:3811 - IP not found : TIM
2026-03-02 00:31:13,423 [WARN] CodeGenerator:4259 - IP not found : null
2026-03-02 00:31:13,435 [INFO] CodeEngine:265 - oldGeneratedFile, C:\Users\MMK\STM32CubeIDE\workspace_1.19.0\SensorSystemsLabs\IMU2IR2LCD\Core\Inc\main.h_save
2026-03-02 00:31:13,717 [INFO] CodeEngine:289 - Generated code: C:\Users\MMK\STM32CubeIDE\workspace_1.19.0\SensorSystemsLabs\IMU2IR2LCD\Core\Inc\main.h
2026-03-02 00:31:13,727 [INFO] CodeEngine:265 - oldGeneratedFile, C:\Users\MMK\STM32CubeIDE\workspace_1.19.0\SensorSystemsLabs\IMU2IR2LCD\Core\Src\main.c_save
2026-03-02 00:31:13,959 [INFO] CodeEngine:289 - Generated code: C:\Users\MMK\STM32CubeIDE\workspace_1.19.0\SensorSystemsLabs\IMU2IR2LCD\Core\Src\main.c
2026-03-02 00:31:15,541 [INFO] ProjectBuilder:3606 - Time for Copy HAL[1] : 250mS.
2026-03-02 00:31:15,547 [INFO] ProjectBuilder:5216 - Project Generator version: 4.7.0-B52
2026-03-02 00:31:15,675 [INFO] ConfigFileManager:1595 - The Die is : DIE433
2026-03-02 00:31:15,682 [INFO] ApiDbMcu:532 - Load IP Config File for FATFS
2026-03-02 00:31:15,690 [INFO] ApiDbMcu:532 - Load IP Config File for FREERTOS
2026-03-02 00:31:15,693 [INFO] ApiDbMcu:532 - Load IP Config File for LIBJPEG
2026-03-02 00:31:15,703 [INFO] ApiDbMcu:532 - Load IP Config File for MBEDTLS
2026-03-02 00:31:15,716 [INFO] ApiDbMcu:532 - Load IP Config File for USB_DEVICE
2026-03-02 00:31:15,724 [INFO] ApiDbMcu:532 - Load IP Config File for USB_HOST
2026-03-02 00:31:20,030 [INFO] ProjectBuilder:5496 - Time for Generating toolchain IDE Files: 4483mS.
2026-03-02 00:31:20,031 [INFO] ProjectBuilder:3463 - Time for Copy CMSIS : 1mS.
2026-03-02 00:31:20,035 [INFO] ProjectBuilder:3463 - Time for Copy CMSIS : 0mS.
2026-03-02 00:32:17,998 [INFO] NvicIntPanel:101 - NVIC parent = com.st.microxplorer.plugins.ip.nvic.MultiNvicIntPanel[,0,0,0x0,invalid,layout=javax.swing.BoxLayout,alignmentX=0.0,alignmentY=0.0,border=,flags=9,maximumSize=,minimumSize=,preferredSize=]
2026-03-02 00:32:20,233 [INFO] UtilMem:75 - End SaveConfig() Used Memory: 988249552 Bytes (1073741824)
2026-03-02 00:32:21,283 [INFO] UtilMem:75 - End SaveConfig() Used Memory: 864305600 Bytes (1073741824)
2026-03-02 00:32:28,280 [INFO] UtilMem:75 - End SaveConfig() Used Memory: 992754112 Bytes (1073741824)
2026-03-02 00:32:28,648 [INFO] BlockDiagram:2775 - set Specific Code input for plugin: NVIC
2026-03-02 00:32:28,648 [INFO] BlockDiagram:2775 - set Specific Code input for plugin: USART
2026-03-02 00:32:28,648 [INFO] BlockDiagram:2775 - set Specific Code input for plugin: DMA
2026-03-02 00:32:28,648 [INFO] BlockDiagram:2775 - set Specific Code input for plugin: TIM1_8
2026-03-02 00:32:28,648 [INFO] BlockDiagram:2775 - set Specific Code input for plugin: TIM1_8
2026-03-02 00:32:28,648 [INFO] BlockDiagram:2775 - set Specific Code input for plugin: SYS
2026-03-02 00:32:28,649 [INFO] BlockDiagram:2775 - set Specific Code input for plugin: GPIO
2026-03-02 00:32:28,649 [INFO] BlockDiagram:2775 - set Specific Code input for plugin: RCC
2026-03-02 00:32:28,649 [INFO] BlockDiagram:2775 - set Specific Code input for plugin: I2C
2026-03-02 00:32:28,650 [INFO] CodeGenerator:892 - code generatio: config db path: C:\ST\STM32CubeIDE_1.19.0\STM32CubeIDE\plugins\com.st.stm32cube.common.mx_6.15.0.202507011659\\db\
2026-03-02 00:32:28,652 [WARN] IP:2250 - I2C_Coeff_DF not found: check if there is a RefParameter without a condition.
2026-03-02 00:32:28,652 [WARN] IP:2250 - Analog_Filter not found: check if there is a RefParameter without a condition.
2026-03-02 00:32:28,657 [INFO] Argument:325 - Argument : hdmavalue: null
2026-03-02 00:32:28,658 [INFO] Argument:327 - 	 sub Args: 
2026-03-02 00:32:28,658 [INFO] Argument:325 - Argument : Instancevalue: DMA1_Stream0
2026-03-02 00:32:28,658 [INFO] Argument:335 - Argument : Instancevalue: DMA1_Stream0
2026-03-02 00:32:28,658 [INFO] Argument:325 - Argument : Initvalue: null
2026-03-02 00:32:28,658 [INFO] Argument:327 - 	 sub Args: 
2026-03-02 00:32:28,658 [INFO] Argument:325 - Argument : Channelvalue: DMA_CHANNEL_1
2026-03-02 00:32:28,658 [INFO] Argument:335 - Argument : Channelvalue: DMA_CHANNEL_1
2026-03-02 00:32:28,658 [INFO] Argument:325 - Argument : Directionvalue: DMA_PERIPH_TO_MEMORY
2026-03-02 00:32:28,658 [INFO] Argument:335 - Argument : Directionvalue: DMA_PERIPH_TO_MEMORY
2026-03-02 00:32:28,658 [INFO] Argument:325 - Argument : PeriphIncvalue: DMA_PINC_DISABLE
2026-03-02 00:32:28,658 [INFO] Argument:335 - Argument : PeriphIncvalue: DMA_PINC_DISABLE
2026-03-02 00:32:28,658 [INFO] Argument:325 - Argument : MemIncvalue: DMA_MINC_ENABLE
2026-03-02 00:32:28,658 [INFO] Argument:335 - Argument : MemIncvalue: DMA_MINC_ENABLE
2026-03-02 00:32:28,658 [INFO] Argument:325 - Argument : PeriphDataAlignmentvalue: DMA_PDATAALIGN_BYTE
2026-03-02 00:32:28,658 [INFO] Argument:335 - Argument : PeriphDataAlignmentvalue: DMA_PDATAALIGN_BYTE
2026-03-02 00:32:28,658 [INFO] Argument:325 - Argument : MemDataAlignmentvalue: DMA_MDATAALIGN_BYTE
2026-03-02 00:32:28,658 [INFO] Argument:335 - Argument : MemDataAlignmentvalue: DMA_MDATAALIGN_BYTE
2026-03-02 00:32:28,658 [INFO] Argument:325 - Argument : Modevalue: DMA_NORMAL
2026-03-02 00:32:28,658 [INFO] Argument:335 - Argument : Modevalue: DMA_NORMAL
2026-03-02 00:32:28,658 [INFO] Argument:325 - Argument : Priorityvalue: DMA_PRIORITY_LOW
2026-03-02 00:32:28,658 [INFO] Argument:335 - Argument : Priorityvalue: DMA_PRIORITY_LOW
2026-03-02 00:32:28,658 [INFO] Argument:325 - Argument : FIFOModevalue: DMA_FIFOMODE_DISABLE
2026-03-02 00:32:28,658 [INFO] Argument:335 - Argument : FIFOModevalue: DMA_FIFOMODE_DISABLE
2026-03-02 00:32:28,658 [INFO] Argument:325 - Argument : FIFOThresholdvalue: null
2026-03-02 00:32:28,658 [INFO] Argument:335 - Argument : FIFOThresholdvalue: null
2026-03-02 00:32:28,658 [INFO] Argument:325 - Argument : MemBurstvalue: null
2026-03-02 00:32:28,658 [INFO] Argument:335 - Argument : MemBurstvalue: null
2026-03-02 00:32:28,658 [INFO] Argument:325 - Argument : PeriphBurstvalue: null
2026-03-02 00:32:28,658 [INFO] Argument:335 - Argument : PeriphBurstvalue: null
2026-03-02 00:32:28,659 [INFO] Argument:325 - Argument : Lockvalue: null
2026-03-02 00:32:28,659 [INFO] Argument:335 - Argument : Lockvalue: null
2026-03-02 00:32:28,659 [INFO] Argument:325 - Argument : Statevalue: null
2026-03-02 00:32:28,659 [INFO] Argument:335 - Argument : Statevalue: null
2026-03-02 00:32:28,659 [INFO] Argument:325 - Argument : Parentvalue: null
2026-03-02 00:32:28,660 [INFO] Argument:335 - Argument : Parentvalue: null
2026-03-02 00:32:28,660 [INFO] Argument:325 - Argument : XferCpltCallbackvalue: null
2026-03-02 00:32:28,660 [INFO] Argument:335 - Argument : XferCpltCallbackvalue: null
2026-03-02 00:32:28,660 [INFO] Argument:325 - Argument : XferHalfCpltCallbackvalue: null
2026-03-02 00:32:28,660 [INFO] Argument:335 - Argument : XferHalfCpltCallbackvalue: null
2026-03-02 00:32:28,660 [INFO] Argument:325 - Argument : XferM1CpltCallbackvalue: null
2026-03-02 00:32:28,660 [INFO] Argument:335 - Argument : XferM1CpltCallbackvalue: null
2026-03-02 00:32:28,660 [INFO] Argument:325 - Argument : XferErrorCallbackvalue: null
2026-03-02 00:32:28,660 [INFO] Argument:335 - Argument : XferErrorCallbackvalue: null
2026-03-02 00:32:28,660 [INFO] Argument:325 - Argument : ErrorCodevalue: null
2026-03-02 00:32:28,660 [INFO] Argument:335 - Argument : ErrorCodevalue: null
2026-03-02 00:32:28,661 [INFO] Argument:325 - Argument : hdmavalue: null
2026-03-02 00:32:28,661 [INFO] Argument:327 - 	 sub Args: 
2026-03-02 00:32:28,661 [INFO] Argument:325 - Argument : Instancevalue: DMA1_Stream7
2026-03-02 00:32:28,661 [INFO] Argument:335 - Argument : Instancevalue: DMA1_Stream7
2026-03-02 00:32:28,661 [INFO] Argument:325 - Argument : Initvalue: null
2026-03-02 00:32:28,661 [INFO] Argument:327 - 	 sub Args: 
2026-03-02 00:32:28,661 [INFO] Argument:325 - Argument : Channelvalue: DMA_CHANNEL_1
2026-03-02 00:32:28,661 [INFO] Argument:335 - Argument : Channelvalue: DMA_CHANNEL_1
2026-03-02 00:32:28,661 [INFO] Argument:325 - Argument : Directionvalue: DMA_MEMORY_TO_PERIPH
2026-03-02 00:32:28,661 [INFO] Argument:335 - Argument : Directionvalue: DMA_MEMORY_TO_PERIPH
2026-03-02 00:32:28,661 [INFO] Argument:325 - Argument : PeriphIncvalue: DMA_PINC_DISABLE
2026-03-02 00:32:28,661 [INFO] Argument:335 - Argument : PeriphIncvalue: DMA_PINC_DISABLE
2026-03-02 00:32:28,661 [INFO] Argument:325 - Argument : MemIncvalue: DMA_MINC_ENABLE
2026-03-02 00:32:28,661 [INFO] Argument:335 - Argument : MemIncvalue: DMA_MINC_ENABLE
2026-03-02 00:32:28,661 [INFO] Argument:325 - Argument : PeriphDataAlignmentvalue: DMA_PDATAALIGN_BYTE
2026-03-02 00:32:28,661 [INFO] Argument:335 - Argument : PeriphDataAlignmentvalue: DMA_PDATAALIGN_BYTE
2026-03-02 00:32:28,661 [INFO] Argument:325 - Argument : MemDataAlignmentvalue: DMA_MDATAALIGN_BYTE
2026-03-02 00:32:28,661 [INFO] Argument:335 - Argument : MemDataAlignmentvalue: DMA_MDATAALIGN_BYTE
2026-03-02 00:32:28,661 [INFO] Argument:325 - Argument : Modevalue: DMA_NORMAL
2026-03-02 00:32:28,661 [INFO] Argument:335 - Argument : Modevalue: DMA_NORMAL
2026-03-02 00:32:28,661 [INFO] Argument:325 - Argument : Priorityvalue: DMA_PRIORITY_LOW
2026-03-02 00:32:28,661 [INFO] Argument:335 - Argument : Priorityvalue: DMA_PRIORITY_LOW
2026-03-02 00:32:28,661 [INFO] Argument:325 - Argument : FIFOModevalue: DMA_FIFOMODE_DISABLE
2026-03-02 00:32:28,661 [INFO] Argument:335 - Argument : FIFOModevalue: DMA_FIFOMODE_DISABLE
2026-03-02 00:32:28,662 [INFO] Argument:325 - Argument : FIFOThresholdvalue: null
2026-03-02 00:32:28,662 [INFO] Argument:335 - Argument : FIFOThresholdvalue: null
2026-03-02 00:32:28,662 [INFO] Argument:325 - Argument : MemBurstvalue: null
2026-03-02 00:32:28,662 [INFO] Argument:335 - Argument : MemBurstvalue: null
2026-03-02 00:32:28,662 [INFO] Argument:325 - Argument : PeriphBurstvalue: null
2026-03-02 00:32:28,662 [INFO] Argument:335 - Argument : PeriphBurstvalue: null
2026-03-02 00:32:28,662 [INFO] Argument:325 - Argument : Lockvalue: null
2026-03-02 00:32:28,662 [INFO] Argument:335 - Argument : Lockvalue: null
2026-03-02 00:32:28,662 [INFO] Argument:325 - Argument : Statevalue: null
2026-03-02 00:32:28,662 [INFO] Argument:335 - Argument : Statevalue: null
2026-03-02 00:32:28,662 [INFO] Argument:325 - Argument : Parentvalue: null
2026-03-02 00:32:28,662 [INFO] Argument:335 - Argument : Parentvalue: null
2026-03-02 00:32:28,662 [INFO] Argument:325 - Argument : XferCpltCallbackvalue: null
2026-03-02 00:32:28,662 [INFO] Argument:335 - Argument : XferCpltCallbackvalue: null
2026-03-02 00:32:28,662 [INFO] Argument:325 - Argument : XferHalfCpltCallbackvalue: null
2026-03-02 00:32:28,662 [INFO] Argument:335 - Argument : XferHalfCpltCallbackvalue: null
2026-03-02 00:32:28,662 [INFO] Argument:325 - Argument : XferM1CpltCallbackvalue: null
2026-03-02 00:32:28,662 [INFO] Argument:335 - Argument : XferM1CpltCallbackvalue: null
2026-03-02 00:32:28,662 [INFO] Argument:325 - Argument : XferErrorCallbackvalue: null
2026-03-02 00:32:28,662 [INFO] Argument:335 - Argument : XferErrorCallbackvalue: null
2026-03-02 00:32:28,662 [INFO] Argument:325 - Argument : ErrorCodevalue: null
2026-03-02 00:32:28,662 [INFO] Argument:335 - Argument : ErrorCodevalue: null
2026-03-02 00:32:28,684 [INFO] Argument:325 - Argument : hdmavalue: null
2026-03-02 00:32:28,684 [INFO] Argument:327 - 	 sub Args: 
2026-03-02 00:32:28,684 [INFO] Argument:325 - Argument : Instancevalue: DMA1_Stream6
2026-03-02 00:32:28,684 [INFO] Argument:335 - Argument : Instancevalue: DMA1_Stream6
2026-03-02 00:32:28,684 [INFO] Argument:325 - Argument : Initvalue: null
2026-03-02 00:32:28,684 [INFO] Argument:327 - 	 sub Args: 
2026-03-02 00:32:28,684 [INFO] Argument:325 - Argument : Channelvalue: DMA_CHANNEL_4
2026-03-02 00:32:28,684 [INFO] Argument:335 - Argument : Channelvalue: DMA_CHANNEL_4
2026-03-02 00:32:28,684 [INFO] Argument:325 - Argument : Directionvalue: DMA_MEMORY_TO_PERIPH
2026-03-02 00:32:28,685 [INFO] Argument:335 - Argument : Directionvalue: DMA_MEMORY_TO_PERIPH
2026-03-02 00:32:28,685 [INFO] Argument:325 - Argument : PeriphIncvalue: DMA_PINC_DISABLE
2026-03-02 00:32:28,685 [INFO] Argument:335 - Argument : PeriphIncvalue: DMA_PINC_DISABLE
2026-03-02 00:32:28,685 [INFO] Argument:325 - Argument : MemIncvalue: DMA_MINC_ENABLE
2026-03-02 00:32:28,685 [INFO] Argument:335 - Argument : MemIncvalue: DMA_MINC_ENABLE
2026-03-02 00:32:28,685 [INFO] Argument:325 - Argument : PeriphDataAlignmentvalue: DMA_PDATAALIGN_BYTE
2026-03-02 00:32:28,685 [INFO] Argument:335 - Argument : PeriphDataAlignmentvalue: DMA_PDATAALIGN_BYTE
2026-03-02 00:32:28,685 [INFO] Argument:325 - Argument : MemDataAlignmentvalue: DMA_MDATAALIGN_BYTE
2026-03-02 00:32:28,685 [INFO] Argument:335 - Argument : MemDataAlignmentvalue: DMA_MDATAALIGN_BYTE
2026-03-02 00:32:28,685 [INFO] Argument:325 - Argument : Modevalue: DMA_NORMAL
2026-03-02 00:32:28,685 [INFO] Argument:335 - Argument : Modevalue: DMA_NORMAL
2026-03-02 00:32:28,685 [INFO] Argument:325 - Argument : Priorityvalue: DMA_PRIORITY_LOW
2026-03-02 00:32:28,685 [INFO] Argument:335 - Argument : Priorityvalue: DMA_PRIORITY_LOW
2026-03-02 00:32:28,685 [INFO] Argument:325 - Argument : FIFOModevalue: DMA_FIFOMODE_DISABLE
2026-03-02 00:32:28,685 [INFO] Argument:335 - Argument : FIFOModevalue: DMA_FIFOMODE_DISABLE
2026-03-02 00:32:28,685 [INFO] Argument:325 - Argument : FIFOThresholdvalue: null
2026-03-02 00:32:28,685 [INFO] Argument:335 - Argument : FIFOThresholdvalue: null
2026-03-02 00:32:28,685 [INFO] Argument:325 - Argument : MemBurstvalue: null
2026-03-02 00:32:28,685 [INFO] Argument:335 - Argument : MemBurstvalue: null
2026-03-02 00:32:28,685 [INFO] Argument:325 - Argument : PeriphBurstvalue: null
2026-03-02 00:32:28,685 [INFO] Argument:335 - Argument : PeriphBurstvalue: null
2026-03-02 00:32:28,685 [INFO] Argument:325 - Argument : Lockvalue: null
2026-03-02 00:32:28,685 [INFO] Argument:335 - Argument : Lockvalue: null
2026-03-02 00:32:28,685 [INFO] Argument:325 - Argument : Statevalue: null
2026-03-02 00:32:28,685 [INFO] Argument:335 - Argument : Statevalue: null
2026-03-02 00:32:28,685 [INFO] Argument:325 - Argument : Parentvalue: null
2026-03-02 00:32:28,686 [INFO] Argument:335 - Argument : Parentvalue: null
2026-03-02 00:32:28,686 [INFO] Argument:325 - Argument : XferCpltCallbackvalue: null
2026-03-02 00:32:28,686 [INFO] Argument:335 - Argument : XferCpltCallbackvalue: null
2026-03-02 00:32:28,686 [INFO] Argument:325 - Argument : XferHalfCpltCallbackvalue: null
2026-03-02 00:32:28,686 [INFO] Argument:335 - Argument : XferHalfCpltCallbackvalue: null
2026-03-02 00:32:28,686 [INFO] Argument:325 - Argument : XferM1CpltCallbackvalue: null
2026-03-02 00:32:28,686 [INFO] Argument:335 - Argument : XferM1CpltCallbackvalue: null
2026-03-02 00:32:28,686 [INFO] Argument:325 - Argument : XferErrorCallbackvalue: null
2026-03-02 00:32:28,686 [INFO] Argument:335 - Argument : XferErrorCallbackvalue: null
2026-03-02 00:32:28,686 [INFO] Argument:325 - Argument : ErrorCodevalue: null
2026-03-02 00:32:28,686 [INFO] Argument:335 - Argument : ErrorCodevalue: null
2026-03-02 00:32:28,826 [INFO] CodeEngine:265 - oldGeneratedFile, C:\Users\MMK\STM32CubeIDE\workspace_1.19.0\SensorSystemsLabs\IMU2IR2LCD\MXTmpFiles\license.tmp_save
2026-03-02 00:32:28,965 [INFO] CodeEngine:289 - Generated code: C:\Users\MMK\STM32CubeIDE\workspace_1.19.0\SensorSystemsLabs\IMU2IR2LCD\MXTmpFiles\license.tmp
2026-03-02 00:32:29,004 [INFO] CodeEngine:265 - oldGeneratedFile, C:\Users\MMK\STM32CubeIDE\workspace_1.19.0\SensorSystemsLabs\IMU2IR2LCD\MXTmpFiles\gpio.tmp_save
2026-03-02 00:32:29,119 [INFO] CodeEngine:289 - Generated code: C:\Users\MMK\STM32CubeIDE\workspace_1.19.0\SensorSystemsLabs\IMU2IR2LCD\MXTmpFiles\gpio.tmp
2026-03-02 00:32:30,028 [INFO] CodeEngine:265 - oldGeneratedFile, C:\Users\MMK\STM32CubeIDE\workspace_1.19.0\SensorSystemsLabs\IMU2IR2LCD\MXTmpFiles\dma.tmp_save
2026-03-02 00:32:30,136 [INFO] CodeEngine:289 - Generated code: C:\Users\MMK\STM32CubeIDE\workspace_1.19.0\SensorSystemsLabs\IMU2IR2LCD\MXTmpFiles\dma.tmp
2026-03-02 00:32:30,144 [INFO] CodeEngine:265 - oldGeneratedFile, C:\Users\MMK\STM32CubeIDE\workspace_1.19.0\SensorSystemsLabs\IMU2IR2LCD\MXTmpFiles\dma_GV.tmp_save
2026-03-02 00:32:30,235 [INFO] CodeEngine:289 - Generated code: C:\Users\MMK\STM32CubeIDE\workspace_1.19.0\SensorSystemsLabs\IMU2IR2LCD\MXTmpFiles\dma_GV.tmp
2026-03-02 00:32:30,259 [INFO] CodeEngine:265 - oldGeneratedFile, C:\Users\MMK\STM32CubeIDE\workspace_1.19.0\SensorSystemsLabs\IMU2IR2LCD\Core\Src\stm32f4xx_it.c_save
2026-03-02 00:32:30,496 [INFO] CodeEngine:289 - Generated code: C:\Users\MMK\STM32CubeIDE\workspace_1.19.0\SensorSystemsLabs\IMU2IR2LCD\Core\Src\stm32f4xx_it.c
2026-03-02 00:32:30,507 [INFO] CodeEngine:265 - oldGeneratedFile, C:\Users\MMK\STM32CubeIDE\workspace_1.19.0\SensorSystemsLabs\IMU2IR2LCD\Core\Inc\stm32f4xx_it.h_save
2026-03-02 00:32:30,629 [INFO] CodeEngine:289 - Generated code: C:\Users\MMK\STM32CubeIDE\workspace_1.19.0\SensorSystemsLabs\IMU2IR2LCD\Core\Inc\stm32f4xx_it.h
2026-03-02 00:32:30,667 [INFO] CodeEngine:265 - oldGeneratedFile, C:\Users\MMK\STM32CubeIDE\workspace_1.19.0\SensorSystemsLabs\IMU2IR2LCD\Core\Src\stm32f4xx_hal_msp.c_save
2026-03-02 00:32:30,899 [INFO] CodeEngine:289 - Generated code: C:\Users\MMK\STM32CubeIDE\workspace_1.19.0\SensorSystemsLabs\IMU2IR2LCD\Core\Src\stm32f4xx_hal_msp.c
2026-03-02 00:32:30,906 [INFO] CodeEngine:265 - oldGeneratedFile, C:\Users\MMK\STM32CubeIDE\workspace_1.19.0\SensorSystemsLabs\IMU2IR2LCD\MXTmpFiles\system.tmp_save
2026-03-02 00:32:31,017 [INFO] CodeEngine:289 - Generated code: C:\Users\MMK\STM32CubeIDE\workspace_1.19.0\SensorSystemsLabs\IMU2IR2LCD\MXTmpFiles\system.tmp
2026-03-02 00:32:31,032 [INFO] CodeEngine:321 - oldGeneratedFile, C:\Users\MMK\STM32CubeIDE\workspace_1.19.0\SensorSystemsLabs\IMU2IR2LCD\Core\Inc\stm32f4xx_hal_conf.h_save
2026-03-02 00:32:31,161 [INFO] CodeEngine:345 - Generated code: C:\Users\MMK\STM32CubeIDE\workspace_1.19.0\SensorSystemsLabs\IMU2IR2LCD\Core\Inc\stm32f4xx_hal_conf.h
2026-03-02 00:32:31,216 [WARN] IPConfigManager:3811 - IP not found : TIM
2026-03-02 00:32:31,217 [WARN] CodeGenerator:4259 - IP not found : null
2026-03-02 00:32:31,228 [INFO] CodeEngine:265 - oldGeneratedFile, C:\Users\MMK\STM32CubeIDE\workspace_1.19.0\SensorSystemsLabs\IMU2IR2LCD\Core\Inc\main.h_save
2026-03-02 00:32:31,384 [INFO] CodeEngine:289 - Generated code: C:\Users\MMK\STM32CubeIDE\workspace_1.19.0\SensorSystemsLabs\IMU2IR2LCD\Core\Inc\main.h
2026-03-02 00:32:31,394 [INFO] CodeEngine:265 - oldGeneratedFile, C:\Users\MMK\STM32CubeIDE\workspace_1.19.0\SensorSystemsLabs\IMU2IR2LCD\Core\Src\main.c_save
2026-03-02 00:32:31,514 [INFO] CodeEngine:289 - Generated code: C:\Users\MMK\STM32CubeIDE\workspace_1.19.0\SensorSystemsLabs\IMU2IR2LCD\Core\Src\main.c
2026-03-02 00:32:31,901 [INFO] ProjectBuilder:3606 - Time for Copy HAL[1] : 152mS.
2026-03-02 00:32:31,905 [INFO] ProjectBuilder:5216 - Project Generator version: 4.7.0-B52
2026-03-02 00:32:31,987 [INFO] ConfigFileManager:1595 - The Die is : DIE433
2026-03-02 00:32:34,232 [INFO] ProjectBuilder:5496 - Time for Generating toolchain IDE Files: 2327mS.
2026-03-02 00:32:34,233 [INFO] ProjectBuilder:3463 - Time for Copy CMSIS : 1mS.
2026-03-02 00:32:34,264 [INFO] ProjectBuilder:3463 - Time for Copy CMSIS : 1mS.
